Start testing: Jul 15 08:20 India Standard Time
----------------------------------------------------------
1/72 Testing: LinkedListSizeTest.EmptyList
1/72 Test: LinkedListSizeTest.EmptyList
Command: "C:/Users/naman/OneDrive/Attachments/Documents/Desktop/CodeQuotient/build/DynamicArrayTests.exe" "--gtest_filter=LinkedListSizeTest.EmptyList" "--gtest_also_run_disabled_tests"
Directory: C:/Users/naman/OneDrive/Attachments/Documents/Desktop/CodeQuotient/build
"LinkedListSizeTest.EmptyList" start time: Jul 15 08:20 India Standard Time
Output:
----------------------------------------------------------
Running main() from C:\Users\naman\OneDrive\Attachments\Documents\Desktop\CodeQuotient\build\_deps\googletest-src\googletest\src\gtest_main.cc
Note: Google Test filter = LinkedListSizeTest.EmptyList
[==========] Running 1 test from 1 test suite.
[----------] Global test environment set-up.
[----------] 1 test from LinkedListSizeTest
[ RUN      ] LinkedListSizeTest.EmptyList
[       OK ] LinkedListSizeTest.EmptyList (0 ms)
[----------] 1 test from LinkedListSizeTest (0 ms total)

[----------] Global test environment tear-down
[==========] 1 test from 1 test suite ran. (0 ms total)
[  PASSED  ] 1 test.
<end of output>
Test time =   0.04 sec
----------------------------------------------------------
Test Passed.
"LinkedListSizeTest.EmptyList" end time: Jul 15 08:20 India Standard Time
"LinkedListSizeTest.EmptyList" time elapsed: 00:00:00
----------------------------------------------------------

2/72 Testing: LinkedListSizeTest.AfterInsertAndDeleteOperations
2/72 Test: LinkedListSizeTest.AfterInsertAndDeleteOperations
Command: "C:/Users/naman/OneDrive/Attachments/Documents/Desktop/CodeQuotient/build/DynamicArrayTests.exe" "--gtest_filter=LinkedListSizeTest.AfterInsertAndDeleteOperations" "--gtest_also_run_disabled_tests"
Directory: C:/Users/naman/OneDrive/Attachments/Documents/Desktop/CodeQuotient/build
"LinkedListSizeTest.AfterInsertAndDeleteOperations" start time: Jul 15 08:20 India Standard Time
Output:
----------------------------------------------------------
Running main() from C:\Users\naman\OneDrive\Attachments\Documents\Desktop\CodeQuotient\build\_deps\googletest-src\googletest\src\gtest_main.cc
Note: Google Test filter = LinkedListSizeTest.AfterInsertAndDeleteOperations
[==========] Running 1 test from 1 test suite.
[----------] Global test environment set-up.
[----------] 1 test from LinkedListSizeTest
[ RUN      ] LinkedListSizeTest.AfterInsertAndDeleteOperations
[       OK ] LinkedListSizeTest.AfterInsertAndDeleteOperations (0 ms)
[----------] 1 test from LinkedListSizeTest (0 ms total)

[----------] Global test environment tear-down
[==========] 1 test from 1 test suite ran. (0 ms total)
[  PASSED  ] 1 test.
<end of output>
Test time =   0.04 sec
----------------------------------------------------------
Test Passed.
"LinkedListSizeTest.AfterInsertAndDeleteOperations" end time: Jul 15 08:20 India Standard Time
"LinkedListSizeTest.AfterInsertAndDeleteOperations" time elapsed: 00:00:00
----------------------------------------------------------

3/72 Testing: LinkedListSearchTest.SearchExistingElement
3/72 Test: LinkedListSearchTest.SearchExistingElement
Command: "C:/Users/naman/OneDrive/Attachments/Documents/Desktop/CodeQuotient/build/DynamicArrayTests.exe" "--gtest_filter=LinkedListSearchTest.SearchExistingElement" "--gtest_also_run_disabled_tests"
Directory: C:/Users/naman/OneDrive/Attachments/Documents/Desktop/CodeQuotient/build
"LinkedListSearchTest.SearchExistingElement" start time: Jul 15 08:20 India Standard Time
Output:
----------------------------------------------------------
Running main() from C:\Users\naman\OneDrive\Attachments\Documents\Desktop\CodeQuotient\build\_deps\googletest-src\googletest\src\gtest_main.cc
Note: Google Test filter = LinkedListSearchTest.SearchExistingElement
[==========] Running 1 test from 1 test suite.
[----------] Global test environment set-up.
[----------] 1 test from LinkedListSearchTest
[ RUN      ] LinkedListSearchTest.SearchExistingElement
[       OK ] LinkedListSearchTest.SearchExistingElement (0 ms)
[----------] 1 test from LinkedListSearchTest (0 ms total)

[----------] Global test environment tear-down
[==========] 1 test from 1 test suite ran. (0 ms total)
[  PASSED  ] 1 test.
<end of output>
Test time =   0.04 sec
----------------------------------------------------------
Test Passed.
"LinkedListSearchTest.SearchExistingElement" end time: Jul 15 08:20 India Standard Time
"LinkedListSearchTest.SearchExistingElement" time elapsed: 00:00:00
----------------------------------------------------------

4/72 Testing: LinkedListSearchTest.SearchNonExistingElement
4/72 Test: LinkedListSearchTest.SearchNonExistingElement
Command: "C:/Users/naman/OneDrive/Attachments/Documents/Desktop/CodeQuotient/build/DynamicArrayTests.exe" "--gtest_filter=LinkedListSearchTest.SearchNonExistingElement" "--gtest_also_run_disabled_tests"
Directory: C:/Users/naman/OneDrive/Attachments/Documents/Desktop/CodeQuotient/build
"LinkedListSearchTest.SearchNonExistingElement" start time: Jul 15 08:20 India Standard Time
Output:
----------------------------------------------------------
Running main() from C:\Users\naman\OneDrive\Attachments\Documents\Desktop\CodeQuotient\build\_deps\googletest-src\googletest\src\gtest_main.cc
Note: Google Test filter = LinkedListSearchTest.SearchNonExistingElement
[==========] Running 1 test from 1 test suite.
[----------] Global test environment set-up.
[----------] 1 test from LinkedListSearchTest
[ RUN      ] LinkedListSearchTest.SearchNonExistingElement
[       OK ] LinkedListSearchTest.SearchNonExistingElement (0 ms)
[----------] 1 test from LinkedListSearchTest (0 ms total)

[----------] Global test environment tear-down
[==========] 1 test from 1 test suite ran. (0 ms total)
[  PASSED  ] 1 test.
<end of output>
Test time =   0.05 sec
----------------------------------------------------------
Test Passed.
"LinkedListSearchTest.SearchNonExistingElement" end time: Jul 15 08:20 India Standard Time
"LinkedListSearchTest.SearchNonExistingElement" time elapsed: 00:00:00
----------------------------------------------------------

5/72 Testing: LinkedListSearchTest.SearchInEmptyList
5/72 Test: LinkedListSearchTest.SearchInEmptyList
Command: "C:/Users/naman/OneDrive/Attachments/Documents/Desktop/CodeQuotient/build/DynamicArrayTests.exe" "--gtest_filter=LinkedListSearchTest.SearchInEmptyList" "--gtest_also_run_disabled_tests"
Directory: C:/Users/naman/OneDrive/Attachments/Documents/Desktop/CodeQuotient/build
"LinkedListSearchTest.SearchInEmptyList" start time: Jul 15 08:20 India Standard Time
Output:
----------------------------------------------------------
Running main() from C:\Users\naman\OneDrive\Attachments\Documents\Desktop\CodeQuotient\build\_deps\googletest-src\googletest\src\gtest_main.cc
Note: Google Test filter = LinkedListSearchTest.SearchInEmptyList
[==========] Running 1 test from 1 test suite.
[----------] Global test environment set-up.
[----------] 1 test from LinkedListSearchTest
[ RUN      ] LinkedListSearchTest.SearchInEmptyList
[       OK ] LinkedListSearchTest.SearchInEmptyList (0 ms)
[----------] 1 test from LinkedListSearchTest (0 ms total)

[----------] Global test environment tear-down
[==========] 1 test from 1 test suite ran. (0 ms total)
[  PASSED  ] 1 test.
<end of output>
Test time =   0.04 sec
----------------------------------------------------------
Test Passed.
"LinkedListSearchTest.SearchInEmptyList" end time: Jul 15 08:20 India Standard Time
"LinkedListSearchTest.SearchInEmptyList" time elapsed: 00:00:00
----------------------------------------------------------

6/72 Testing: LinkedListSearchTest.SearchAfterDeletion
6/72 Test: LinkedListSearchTest.SearchAfterDeletion
Command: "C:/Users/naman/OneDrive/Attachments/Documents/Desktop/CodeQuotient/build/DynamicArrayTests.exe" "--gtest_filter=LinkedListSearchTest.SearchAfterDeletion" "--gtest_also_run_disabled_tests"
Directory: C:/Users/naman/OneDrive/Attachments/Documents/Desktop/CodeQuotient/build
"LinkedListSearchTest.SearchAfterDeletion" start time: Jul 15 08:20 India Standard Time
Output:
----------------------------------------------------------
Running main() from C:\Users\naman\OneDrive\Attachments\Documents\Desktop\CodeQuotient\build\_deps\googletest-src\googletest\src\gtest_main.cc
Note: Google Test filter = LinkedListSearchTest.SearchAfterDeletion
[==========] Running 1 test from 1 test suite.
[----------] Global test environment set-up.
[----------] 1 test from LinkedListSearchTest
[ RUN      ] LinkedListSearchTest.SearchAfterDeletion
[       OK ] LinkedListSearchTest.SearchAfterDeletion (0 ms)
[----------] 1 test from LinkedListSearchTest (0 ms total)

[----------] Global test environment tear-down
[==========] 1 test from 1 test suite ran. (0 ms total)
[  PASSED  ] 1 test.
<end of output>
Test time =   0.05 sec
----------------------------------------------------------
Test Passed.
"LinkedListSearchTest.SearchAfterDeletion" end time: Jul 15 08:20 India Standard Time
"LinkedListSearchTest.SearchAfterDeletion" time elapsed: 00:00:00
----------------------------------------------------------

7/72 Testing: LinkedListRemoveTest.RemoveHead
7/72 Test: LinkedListRemoveTest.RemoveHead
Command: "C:/Users/naman/OneDrive/Attachments/Documents/Desktop/CodeQuotient/build/DynamicArrayTests.exe" "--gtest_filter=LinkedListRemoveTest.RemoveHead" "--gtest_also_run_disabled_tests"
Directory: C:/Users/naman/OneDrive/Attachments/Documents/Desktop/CodeQuotient/build
"LinkedListRemoveTest.RemoveHead" start time: Jul 15 08:20 India Standard Time
Output:
----------------------------------------------------------
Running main() from C:\Users\naman\OneDrive\Attachments\Documents\Desktop\CodeQuotient\build\_deps\googletest-src\googletest\src\gtest_main.cc
Note: Google Test filter = LinkedListRemoveTest.RemoveHead
[==========] Running 1 test from 1 test suite.
[----------] Global test environment set-up.
[----------] 1 test from LinkedListRemoveTest
[ RUN      ] LinkedListRemoveTest.RemoveHead
[       OK ] LinkedListRemoveTest.RemoveHead (0 ms)
[----------] 1 test from LinkedListRemoveTest (0 ms total)

[----------] Global test environment tear-down
[==========] 1 test from 1 test suite ran. (0 ms total)
[  PASSED  ] 1 test.
<end of output>
Test time =   0.04 sec
----------------------------------------------------------
Test Passed.
"LinkedListRemoveTest.RemoveHead" end time: Jul 15 08:20 India Standard Time
"LinkedListRemoveTest.RemoveHead" time elapsed: 00:00:00
----------------------------------------------------------

8/72 Testing: LinkedListRemoveTest.RemoveMiddle
8/72 Test: LinkedListRemoveTest.RemoveMiddle
Command: "C:/Users/naman/OneDrive/Attachments/Documents/Desktop/CodeQuotient/build/DynamicArrayTests.exe" "--gtest_filter=LinkedListRemoveTest.RemoveMiddle" "--gtest_also_run_disabled_tests"
Directory: C:/Users/naman/OneDrive/Attachments/Documents/Desktop/CodeQuotient/build
"LinkedListRemoveTest.RemoveMiddle" start time: Jul 15 08:20 India Standard Time
Output:
----------------------------------------------------------
Running main() from C:\Users\naman\OneDrive\Attachments\Documents\Desktop\CodeQuotient\build\_deps\googletest-src\googletest\src\gtest_main.cc
Note: Google Test filter = LinkedListRemoveTest.RemoveMiddle
[==========] Running 1 test from 1 test suite.
[----------] Global test environment set-up.
[----------] 1 test from LinkedListRemoveTest
[ RUN      ] LinkedListRemoveTest.RemoveMiddle
[       OK ] LinkedListRemoveTest.RemoveMiddle (0 ms)
[----------] 1 test from LinkedListRemoveTest (0 ms total)

[----------] Global test environment tear-down
[==========] 1 test from 1 test suite ran. (0 ms total)
[  PASSED  ] 1 test.
<end of output>
Test time =   0.05 sec
----------------------------------------------------------
Test Passed.
"LinkedListRemoveTest.RemoveMiddle" end time: Jul 15 08:20 India Standard Time
"LinkedListRemoveTest.RemoveMiddle" time elapsed: 00:00:00
----------------------------------------------------------

9/72 Testing: LinkedListRemoveTest.RemoveTail
9/72 Test: LinkedListRemoveTest.RemoveTail
Command: "C:/Users/naman/OneDrive/Attachments/Documents/Desktop/CodeQuotient/build/DynamicArrayTests.exe" "--gtest_filter=LinkedListRemoveTest.RemoveTail" "--gtest_also_run_disabled_tests"
Directory: C:/Users/naman/OneDrive/Attachments/Documents/Desktop/CodeQuotient/build
"LinkedListRemoveTest.RemoveTail" start time: Jul 15 08:20 India Standard Time
Output:
----------------------------------------------------------
Running main() from C:\Users\naman\OneDrive\Attachments\Documents\Desktop\CodeQuotient\build\_deps\googletest-src\googletest\src\gtest_main.cc
Note: Google Test filter = LinkedListRemoveTest.RemoveTail
[==========] Running 1 test from 1 test suite.
[----------] Global test environment set-up.
[----------] 1 test from LinkedListRemoveTest
[ RUN      ] LinkedListRemoveTest.RemoveTail
[       OK ] LinkedListRemoveTest.RemoveTail (0 ms)
[----------] 1 test from LinkedListRemoveTest (0 ms total)

[----------] Global test environment tear-down
[==========] 1 test from 1 test suite ran. (0 ms total)
[  PASSED  ] 1 test.
<end of output>
Test time =   0.05 sec
----------------------------------------------------------
Test Passed.
"LinkedListRemoveTest.RemoveTail" end time: Jul 15 08:20 India Standard Time
"LinkedListRemoveTest.RemoveTail" time elapsed: 00:00:00
----------------------------------------------------------

10/72 Testing: LinkedListRemoveTest.RemoveOnlyNode
10/72 Test: LinkedListRemoveTest.RemoveOnlyNode
Command: "C:/Users/naman/OneDrive/Attachments/Documents/Desktop/CodeQuotient/build/DynamicArrayTests.exe" "--gtest_filter=LinkedListRemoveTest.RemoveOnlyNode" "--gtest_also_run_disabled_tests"
Directory: C:/Users/naman/OneDrive/Attachments/Documents/Desktop/CodeQuotient/build
"LinkedListRemoveTest.RemoveOnlyNode" start time: Jul 15 08:20 India Standard Time
Output:
----------------------------------------------------------
Running main() from C:\Users\naman\OneDrive\Attachments\Documents\Desktop\CodeQuotient\build\_deps\googletest-src\googletest\src\gtest_main.cc
Note: Google Test filter = LinkedListRemoveTest.RemoveOnlyNode
[==========] Running 1 test from 1 test suite.
[----------] Global test environment set-up.
[----------] 1 test from LinkedListRemoveTest
[ RUN      ] LinkedListRemoveTest.RemoveOnlyNode
[       OK ] LinkedListRemoveTest.RemoveOnlyNode (0 ms)
[----------] 1 test from LinkedListRemoveTest (0 ms total)

[----------] Global test environment tear-down
[==========] 1 test from 1 test suite ran. (0 ms total)
[  PASSED  ] 1 test.
<end of output>
Test time =   0.04 sec
----------------------------------------------------------
Test Passed.
"LinkedListRemoveTest.RemoveOnlyNode" end time: Jul 15 08:20 India Standard Time
"LinkedListRemoveTest.RemoveOnlyNode" time elapsed: 00:00:00
----------------------------------------------------------

11/72 Testing: LinkedListRemoveTest.RemoveNonExistingNode
11/72 Test: LinkedListRemoveTest.RemoveNonExistingNode
Command: "C:/Users/naman/OneDrive/Attachments/Documents/Desktop/CodeQuotient/build/DynamicArrayTests.exe" "--gtest_filter=LinkedListRemoveTest.RemoveNonExistingNode" "--gtest_also_run_disabled_tests"
Directory: C:/Users/naman/OneDrive/Attachments/Documents/Desktop/CodeQuotient/build
"LinkedListRemoveTest.RemoveNonExistingNode" start time: Jul 15 08:20 India Standard Time
Output:
----------------------------------------------------------
Running main() from C:\Users\naman\OneDrive\Attachments\Documents\Desktop\CodeQuotient\build\_deps\googletest-src\googletest\src\gtest_main.cc
Note: Google Test filter = LinkedListRemoveTest.RemoveNonExistingNode
[==========] Running 1 test from 1 test suite.
[----------] Global test environment set-up.
[----------] 1 test from LinkedListRemoveTest
[ RUN      ] LinkedListRemoveTest.RemoveNonExistingNode
[       OK ] LinkedListRemoveTest.RemoveNonExistingNode (0 ms)
[----------] 1 test from LinkedListRemoveTest (0 ms total)

[----------] Global test environment tear-down
[==========] 1 test from 1 test suite ran. (0 ms total)
[  PASSED  ] 1 test.
<end of output>
Test time =   0.04 sec
----------------------------------------------------------
Test Passed.
"LinkedListRemoveTest.RemoveNonExistingNode" end time: Jul 15 08:20 India Standard Time
"LinkedListRemoveTest.RemoveNonExistingNode" time elapsed: 00:00:00
----------------------------------------------------------

12/72 Testing: LinkedListInsertTest.InsertAtBeginning
12/72 Test: LinkedListInsertTest.InsertAtBeginning
Command: "C:/Users/naman/OneDrive/Attachments/Documents/Desktop/CodeQuotient/build/DynamicArrayTests.exe" "--gtest_filter=LinkedListInsertTest.InsertAtBeginning" "--gtest_also_run_disabled_tests"
Directory: C:/Users/naman/OneDrive/Attachments/Documents/Desktop/CodeQuotient/build
"LinkedListInsertTest.InsertAtBeginning" start time: Jul 15 08:20 India Standard Time
Output:
----------------------------------------------------------
Running main() from C:\Users\naman\OneDrive\Attachments\Documents\Desktop\CodeQuotient\build\_deps\googletest-src\googletest\src\gtest_main.cc
Note: Google Test filter = LinkedListInsertTest.InsertAtBeginning
[==========] Running 1 test from 1 test suite.
[----------] Global test environment set-up.
[----------] 1 test from LinkedListInsertTest
[ RUN      ] LinkedListInsertTest.InsertAtBeginning
[       OK ] LinkedListInsertTest.InsertAtBeginning (0 ms)
[----------] 1 test from LinkedListInsertTest (0 ms total)

[----------] Global test environment tear-down
[==========] 1 test from 1 test suite ran. (0 ms total)
[  PASSED  ] 1 test.
<end of output>
Test time =   0.03 sec
----------------------------------------------------------
Test Passed.
"LinkedListInsertTest.InsertAtBeginning" end time: Jul 15 08:20 India Standard Time
"LinkedListInsertTest.InsertAtBeginning" time elapsed: 00:00:00
----------------------------------------------------------

13/72 Testing: LinkedListInsertTest.InsertInMiddle
13/72 Test: LinkedListInsertTest.InsertInMiddle
Command: "C:/Users/naman/OneDrive/Attachments/Documents/Desktop/CodeQuotient/build/DynamicArrayTests.exe" "--gtest_filter=LinkedListInsertTest.InsertInMiddle" "--gtest_also_run_disabled_tests"
Directory: C:/Users/naman/OneDrive/Attachments/Documents/Desktop/CodeQuotient/build
"LinkedListInsertTest.InsertInMiddle" start time: Jul 15 08:20 India Standard Time
Output:
----------------------------------------------------------
Running main() from C:\Users\naman\OneDrive\Attachments\Documents\Desktop\CodeQuotient\build\_deps\googletest-src\googletest\src\gtest_main.cc
Note: Google Test filter = LinkedListInsertTest.InsertInMiddle
[==========] Running 1 test from 1 test suite.
[----------] Global test environment set-up.
[----------] 1 test from LinkedListInsertTest
[ RUN      ] LinkedListInsertTest.InsertInMiddle
[       OK ] LinkedListInsertTest.InsertInMiddle (0 ms)
[----------] 1 test from LinkedListInsertTest (0 ms total)

[----------] Global test environment tear-down
[==========] 1 test from 1 test suite ran. (0 ms total)
[  PASSED  ] 1 test.
<end of output>
Test time =   0.03 sec
----------------------------------------------------------
Test Passed.
"LinkedListInsertTest.InsertInMiddle" end time: Jul 15 08:20 India Standard Time
"LinkedListInsertTest.InsertInMiddle" time elapsed: 00:00:00
----------------------------------------------------------

14/72 Testing: LinkedListInsertTest.InsertAtEnd
14/72 Test: LinkedListInsertTest.InsertAtEnd
Command: "C:/Users/naman/OneDrive/Attachments/Documents/Desktop/CodeQuotient/build/DynamicArrayTests.exe" "--gtest_filter=LinkedListInsertTest.InsertAtEnd" "--gtest_also_run_disabled_tests"
Directory: C:/Users/naman/OneDrive/Attachments/Documents/Desktop/CodeQuotient/build
"LinkedListInsertTest.InsertAtEnd" start time: Jul 15 08:20 India Standard Time
Output:
----------------------------------------------------------
Running main() from C:\Users\naman\OneDrive\Attachments\Documents\Desktop\CodeQuotient\build\_deps\googletest-src\googletest\src\gtest_main.cc
Note: Google Test filter = LinkedListInsertTest.InsertAtEnd
[==========] Running 1 test from 1 test suite.
[----------] Global test environment set-up.
[----------] 1 test from LinkedListInsertTest
[ RUN      ] LinkedListInsertTest.InsertAtEnd
[       OK ] LinkedListInsertTest.InsertAtEnd (0 ms)
[----------] 1 test from LinkedListInsertTest (0 ms total)

[----------] Global test environment tear-down
[==========] 1 test from 1 test suite ran. (0 ms total)
[  PASSED  ] 1 test.
<end of output>
Test time =   0.05 sec
----------------------------------------------------------
Test Passed.
"LinkedListInsertTest.InsertAtEnd" end time: Jul 15 08:20 India Standard Time
"LinkedListInsertTest.InsertAtEnd" time elapsed: 00:00:00
----------------------------------------------------------

15/72 Testing: LinkedListInsertTest.InsertInvalidIndex
15/72 Test: LinkedListInsertTest.InsertInvalidIndex
Command: "C:/Users/naman/OneDrive/Attachments/Documents/Desktop/CodeQuotient/build/DynamicArrayTests.exe" "--gtest_filter=LinkedListInsertTest.InsertInvalidIndex" "--gtest_also_run_disabled_tests"
Directory: C:/Users/naman/OneDrive/Attachments/Documents/Desktop/CodeQuotient/build
"LinkedListInsertTest.InsertInvalidIndex" start time: Jul 15 08:20 India Standard Time
Output:
----------------------------------------------------------
Running main() from C:\Users\naman\OneDrive\Attachments\Documents\Desktop\CodeQuotient\build\_deps\googletest-src\googletest\src\gtest_main.cc
Note: Google Test filter = LinkedListInsertTest.InsertInvalidIndex
[==========] Running 1 test from 1 test suite.
[----------] Global test environment set-up.
[----------] 1 test from LinkedListInsertTest
[ RUN      ] LinkedListInsertTest.InsertInvalidIndex
[       OK ] LinkedListInsertTest.InsertInvalidIndex (0 ms)
[----------] 1 test from LinkedListInsertTest (0 ms total)

[----------] Global test environment tear-down
[==========] 1 test from 1 test suite ran. (0 ms total)
[  PASSED  ] 1 test.
<end of output>
Test time =   0.05 sec
----------------------------------------------------------
Test Passed.
"LinkedListInsertTest.InsertInvalidIndex" end time: Jul 15 08:20 India Standard Time
"LinkedListInsertTest.InsertInvalidIndex" time elapsed: 00:00:00
----------------------------------------------------------

16/72 Testing: LinkedListInsertFrontTest.InsertIntoEmptyList
16/72 Test: LinkedListInsertFrontTest.InsertIntoEmptyList
Command: "C:/Users/naman/OneDrive/Attachments/Documents/Desktop/CodeQuotient/build/DynamicArrayTests.exe" "--gtest_filter=LinkedListInsertFrontTest.InsertIntoEmptyList" "--gtest_also_run_disabled_tests"
Directory: C:/Users/naman/OneDrive/Attachments/Documents/Desktop/CodeQuotient/build
"LinkedListInsertFrontTest.InsertIntoEmptyList" start time: Jul 15 08:20 India Standard Time
Output:
----------------------------------------------------------
Running main() from C:\Users\naman\OneDrive\Attachments\Documents\Desktop\CodeQuotient\build\_deps\googletest-src\googletest\src\gtest_main.cc
Note: Google Test filter = LinkedListInsertFrontTest.InsertIntoEmptyList
[==========] Running 1 test from 1 test suite.
[----------] Global test environment set-up.
[----------] 1 test from LinkedListInsertFrontTest
[ RUN      ] LinkedListInsertFrontTest.InsertIntoEmptyList
[       OK ] LinkedListInsertFrontTest.InsertIntoEmptyList (0 ms)
[----------] 1 test from LinkedListInsertFrontTest (0 ms total)

[----------] Global test environment tear-down
[==========] 1 test from 1 test suite ran. (0 ms total)
[  PASSED  ] 1 test.
<end of output>
Test time =   0.05 sec
----------------------------------------------------------
Test Passed.
"LinkedListInsertFrontTest.InsertIntoEmptyList" end time: Jul 15 08:20 India Standard Time
"LinkedListInsertFrontTest.InsertIntoEmptyList" time elapsed: 00:00:00
----------------------------------------------------------

17/72 Testing: LinkedListInsertFrontTest.InsertMultipleElements
17/72 Test: LinkedListInsertFrontTest.InsertMultipleElements
Command: "C:/Users/naman/OneDrive/Attachments/Documents/Desktop/CodeQuotient/build/DynamicArrayTests.exe" "--gtest_filter=LinkedListInsertFrontTest.InsertMultipleElements" "--gtest_also_run_disabled_tests"
Directory: C:/Users/naman/OneDrive/Attachments/Documents/Desktop/CodeQuotient/build
"LinkedListInsertFrontTest.InsertMultipleElements" start time: Jul 15 08:20 India Standard Time
Output:
----------------------------------------------------------
Running main() from C:\Users\naman\OneDrive\Attachments\Documents\Desktop\CodeQuotient\build\_deps\googletest-src\googletest\src\gtest_main.cc
Note: Google Test filter = LinkedListInsertFrontTest.InsertMultipleElements
[==========] Running 1 test from 1 test suite.
[----------] Global test environment set-up.
[----------] 1 test from LinkedListInsertFrontTest
[ RUN      ] LinkedListInsertFrontTest.InsertMultipleElements
[       OK ] LinkedListInsertFrontTest.InsertMultipleElements (0 ms)
[----------] 1 test from LinkedListInsertFrontTest (0 ms total)

[----------] Global test environment tear-down
[==========] 1 test from 1 test suite ran. (0 ms total)
[  PASSED  ] 1 test.
<end of output>
Test time =   0.05 sec
----------------------------------------------------------
Test Passed.
"LinkedListInsertFrontTest.InsertMultipleElements" end time: Jul 15 08:20 India Standard Time
"LinkedListInsertFrontTest.InsertMultipleElements" time elapsed: 00:00:00
----------------------------------------------------------

18/72 Testing: LinkedListInsertFrontTest.HeadUpdatedCorrectly
18/72 Test: LinkedListInsertFrontTest.HeadUpdatedCorrectly
Command: "C:/Users/naman/OneDrive/Attachments/Documents/Desktop/CodeQuotient/build/DynamicArrayTests.exe" "--gtest_filter=LinkedListInsertFrontTest.HeadUpdatedCorrectly" "--gtest_also_run_disabled_tests"
Directory: C:/Users/naman/OneDrive/Attachments/Documents/Desktop/CodeQuotient/build
"LinkedListInsertFrontTest.HeadUpdatedCorrectly" start time: Jul 15 08:20 India Standard Time
Output:
----------------------------------------------------------
Running main() from C:\Users\naman\OneDrive\Attachments\Documents\Desktop\CodeQuotient\build\_deps\googletest-src\googletest\src\gtest_main.cc
Note: Google Test filter = LinkedListInsertFrontTest.HeadUpdatedCorrectly
[==========] Running 1 test from 1 test suite.
[----------] Global test environment set-up.
[----------] 1 test from LinkedListInsertFrontTest
[ RUN      ] LinkedListInsertFrontTest.HeadUpdatedCorrectly
[       OK ] LinkedListInsertFrontTest.HeadUpdatedCorrectly (0 ms)
[----------] 1 test from LinkedListInsertFrontTest (0 ms total)

[----------] Global test environment tear-down
[==========] 1 test from 1 test suite ran. (0 ms total)
[  PASSED  ] 1 test.
<end of output>
Test time =   0.04 sec
----------------------------------------------------------
Test Passed.
"LinkedListInsertFrontTest.HeadUpdatedCorrectly" end time: Jul 15 08:20 India Standard Time
"LinkedListInsertFrontTest.HeadUpdatedCorrectly" time elapsed: 00:00:00
----------------------------------------------------------

19/72 Testing: LinkedListInsertFrontTest.TailRemainsUnchanged
19/72 Test: LinkedListInsertFrontTest.TailRemainsUnchanged
Command: "C:/Users/naman/OneDrive/Attachments/Documents/Desktop/CodeQuotient/build/DynamicArrayTests.exe" "--gtest_filter=LinkedListInsertFrontTest.TailRemainsUnchanged" "--gtest_also_run_disabled_tests"
Directory: C:/Users/naman/OneDrive/Attachments/Documents/Desktop/CodeQuotient/build
"LinkedListInsertFrontTest.TailRemainsUnchanged" start time: Jul 15 08:20 India Standard Time
Output:
----------------------------------------------------------
Running main() from C:\Users\naman\OneDrive\Attachments\Documents\Desktop\CodeQuotient\build\_deps\googletest-src\googletest\src\gtest_main.cc
Note: Google Test filter = LinkedListInsertFrontTest.TailRemainsUnchanged
[==========] Running 1 test from 1 test suite.
[----------] Global test environment set-up.
[----------] 1 test from LinkedListInsertFrontTest
[ RUN      ] LinkedListInsertFrontTest.TailRemainsUnchanged
[       OK ] LinkedListInsertFrontTest.TailRemainsUnchanged (0 ms)
[----------] 1 test from LinkedListInsertFrontTest (0 ms total)

[----------] Global test environment tear-down
[==========] 1 test from 1 test suite ran. (0 ms total)
[  PASSED  ] 1 test.
<end of output>
Test time =   0.06 sec
----------------------------------------------------------
Test Passed.
"LinkedListInsertFrontTest.TailRemainsUnchanged" end time: Jul 15 08:20 India Standard Time
"LinkedListInsertFrontTest.TailRemainsUnchanged" time elapsed: 00:00:00
----------------------------------------------------------

20/72 Testing: LinkedListInsertBackTest.InsertIntoEmptyList
20/72 Test: LinkedListInsertBackTest.InsertIntoEmptyList
Command: "C:/Users/naman/OneDrive/Attachments/Documents/Desktop/CodeQuotient/build/DynamicArrayTests.exe" "--gtest_filter=LinkedListInsertBackTest.InsertIntoEmptyList" "--gtest_also_run_disabled_tests"
Directory: C:/Users/naman/OneDrive/Attachments/Documents/Desktop/CodeQuotient/build
"LinkedListInsertBackTest.InsertIntoEmptyList" start time: Jul 15 08:20 India Standard Time
Output:
----------------------------------------------------------
Running main() from C:\Users\naman\OneDrive\Attachments\Documents\Desktop\CodeQuotient\build\_deps\googletest-src\googletest\src\gtest_main.cc
Note: Google Test filter = LinkedListInsertBackTest.InsertIntoEmptyList
[==========] Running 1 test from 1 test suite.
[----------] Global test environment set-up.
[----------] 1 test from LinkedListInsertBackTest
[ RUN      ] LinkedListInsertBackTest.InsertIntoEmptyList
[       OK ] LinkedListInsertBackTest.InsertIntoEmptyList (0 ms)
[----------] 1 test from LinkedListInsertBackTest (0 ms total)

[----------] Global test environment tear-down
[==========] 1 test from 1 test suite ran. (0 ms total)
[  PASSED  ] 1 test.
<end of output>
Test time =   0.03 sec
----------------------------------------------------------
Test Passed.
"LinkedListInsertBackTest.InsertIntoEmptyList" end time: Jul 15 08:20 India Standard Time
"LinkedListInsertBackTest.InsertIntoEmptyList" time elapsed: 00:00:00
----------------------------------------------------------

21/72 Testing: LinkedListInsertBackTest.InsertMultipleElements
21/72 Test: LinkedListInsertBackTest.InsertMultipleElements
Command: "C:/Users/naman/OneDrive/Attachments/Documents/Desktop/CodeQuotient/build/DynamicArrayTests.exe" "--gtest_filter=LinkedListInsertBackTest.InsertMultipleElements" "--gtest_also_run_disabled_tests"
Directory: C:/Users/naman/OneDrive/Attachments/Documents/Desktop/CodeQuotient/build
"LinkedListInsertBackTest.InsertMultipleElements" start time: Jul 15 08:20 India Standard Time
Output:
----------------------------------------------------------
Running main() from C:\Users\naman\OneDrive\Attachments\Documents\Desktop\CodeQuotient\build\_deps\googletest-src\googletest\src\gtest_main.cc
Note: Google Test filter = LinkedListInsertBackTest.InsertMultipleElements
[==========] Running 1 test from 1 test suite.
[----------] Global test environment set-up.
[----------] 1 test from LinkedListInsertBackTest
[ RUN      ] LinkedListInsertBackTest.InsertMultipleElements
[       OK ] LinkedListInsertBackTest.InsertMultipleElements (0 ms)
[----------] 1 test from LinkedListInsertBackTest (0 ms total)

[----------] Global test environment tear-down
[==========] 1 test from 1 test suite ran. (0 ms total)
[  PASSED  ] 1 test.
<end of output>
Test time =   0.04 sec
----------------------------------------------------------
Test Passed.
"LinkedListInsertBackTest.InsertMultipleElements" end time: Jul 15 08:20 India Standard Time
"LinkedListInsertBackTest.InsertMultipleElements" time elapsed: 00:00:00
----------------------------------------------------------

22/72 Testing: LinkedListInsertBackTest.TailUpdatedCorrectly
22/72 Test: LinkedListInsertBackTest.TailUpdatedCorrectly
Command: "C:/Users/naman/OneDrive/Attachments/Documents/Desktop/CodeQuotient/build/DynamicArrayTests.exe" "--gtest_filter=LinkedListInsertBackTest.TailUpdatedCorrectly" "--gtest_also_run_disabled_tests"
Directory: C:/Users/naman/OneDrive/Attachments/Documents/Desktop/CodeQuotient/build
"LinkedListInsertBackTest.TailUpdatedCorrectly" start time: Jul 15 08:20 India Standard Time
Output:
----------------------------------------------------------
Running main() from C:\Users\naman\OneDrive\Attachments\Documents\Desktop\CodeQuotient\build\_deps\googletest-src\googletest\src\gtest_main.cc
Note: Google Test filter = LinkedListInsertBackTest.TailUpdatedCorrectly
[==========] Running 1 test from 1 test suite.
[----------] Global test environment set-up.
[----------] 1 test from LinkedListInsertBackTest
[ RUN      ] LinkedListInsertBackTest.TailUpdatedCorrectly
[       OK ] LinkedListInsertBackTest.TailUpdatedCorrectly (0 ms)
[----------] 1 test from LinkedListInsertBackTest (0 ms total)

[----------] Global test environment tear-down
[==========] 1 test from 1 test suite ran. (0 ms total)
[  PASSED  ] 1 test.
<end of output>
Test time =   0.03 sec
----------------------------------------------------------
Test Passed.
"LinkedListInsertBackTest.TailUpdatedCorrectly" end time: Jul 15 08:20 India Standard Time
"LinkedListInsertBackTest.TailUpdatedCorrectly" time elapsed: 00:00:00
----------------------------------------------------------

23/72 Testing: LinkedListInsertBackTest.HeadRemainsUnchanged
23/72 Test: LinkedListInsertBackTest.HeadRemainsUnchanged
Command: "C:/Users/naman/OneDrive/Attachments/Documents/Desktop/CodeQuotient/build/DynamicArrayTests.exe" "--gtest_filter=LinkedListInsertBackTest.HeadRemainsUnchanged" "--gtest_also_run_disabled_tests"
Directory: C:/Users/naman/OneDrive/Attachments/Documents/Desktop/CodeQuotient/build
"LinkedListInsertBackTest.HeadRemainsUnchanged" start time: Jul 15 08:20 India Standard Time
Output:
----------------------------------------------------------
Running main() from C:\Users\naman\OneDrive\Attachments\Documents\Desktop\CodeQuotient\build\_deps\googletest-src\googletest\src\gtest_main.cc
Note: Google Test filter = LinkedListInsertBackTest.HeadRemainsUnchanged
[==========] Running 1 test from 1 test suite.
[----------] Global test environment set-up.
[----------] 1 test from LinkedListInsertBackTest
[ RUN      ] LinkedListInsertBackTest.HeadRemainsUnchanged
[       OK ] LinkedListInsertBackTest.HeadRemainsUnchanged (0 ms)
[----------] 1 test from LinkedListInsertBackTest (0 ms total)

[----------] Global test environment tear-down
[==========] 1 test from 1 test suite ran. (0 ms total)
[  PASSED  ] 1 test.
<end of output>
Test time =   0.04 sec
----------------------------------------------------------
Test Passed.
"LinkedListInsertBackTest.HeadRemainsUnchanged" end time: Jul 15 08:20 India Standard Time
"LinkedListInsertBackTest.HeadRemainsUnchanged" time elapsed: 00:00:00
----------------------------------------------------------

24/72 Testing: LinkedListGetTailTest.EmptyList
24/72 Test: LinkedListGetTailTest.EmptyList
Command: "C:/Users/naman/OneDrive/Attachments/Documents/Desktop/CodeQuotient/build/DynamicArrayTests.exe" "--gtest_filter=LinkedListGetTailTest.EmptyList" "--gtest_also_run_disabled_tests"
Directory: C:/Users/naman/OneDrive/Attachments/Documents/Desktop/CodeQuotient/build
"LinkedListGetTailTest.EmptyList" start time: Jul 15 08:20 India Standard Time
Output:
----------------------------------------------------------
Running main() from C:\Users\naman\OneDrive\Attachments\Documents\Desktop\CodeQuotient\build\_deps\googletest-src\googletest\src\gtest_main.cc
Note: Google Test filter = LinkedListGetTailTest.EmptyList
[==========] Running 1 test from 1 test suite.
[----------] Global test environment set-up.
[----------] 1 test from LinkedListGetTailTest
[ RUN      ] LinkedListGetTailTest.EmptyList
[       OK ] LinkedListGetTailTest.EmptyList (0 ms)
[----------] 1 test from LinkedListGetTailTest (0 ms total)

[----------] Global test environment tear-down
[==========] 1 test from 1 test suite ran. (0 ms total)
[  PASSED  ] 1 test.
<end of output>
Test time =   0.04 sec
----------------------------------------------------------
Test Passed.
"LinkedListGetTailTest.EmptyList" end time: Jul 15 08:20 India Standard Time
"LinkedListGetTailTest.EmptyList" time elapsed: 00:00:00
----------------------------------------------------------

25/72 Testing: LinkedListGetTailTest.SingleElement
25/72 Test: LinkedListGetTailTest.SingleElement
Command: "C:/Users/naman/OneDrive/Attachments/Documents/Desktop/CodeQuotient/build/DynamicArrayTests.exe" "--gtest_filter=LinkedListGetTailTest.SingleElement" "--gtest_also_run_disabled_tests"
Directory: C:/Users/naman/OneDrive/Attachments/Documents/Desktop/CodeQuotient/build
"LinkedListGetTailTest.SingleElement" start time: Jul 15 08:20 India Standard Time
Output:
----------------------------------------------------------
Running main() from C:\Users\naman\OneDrive\Attachments\Documents\Desktop\CodeQuotient\build\_deps\googletest-src\googletest\src\gtest_main.cc
Note: Google Test filter = LinkedListGetTailTest.SingleElement
[==========] Running 1 test from 1 test suite.
[----------] Global test environment set-up.
[----------] 1 test from LinkedListGetTailTest
[ RUN      ] LinkedListGetTailTest.SingleElement
[       OK ] LinkedListGetTailTest.SingleElement (0 ms)
[----------] 1 test from LinkedListGetTailTest (0 ms total)

[----------] Global test environment tear-down
[==========] 1 test from 1 test suite ran. (0 ms total)
[  PASSED  ] 1 test.
<end of output>
Test time =   0.04 sec
----------------------------------------------------------
Test Passed.
"LinkedListGetTailTest.SingleElement" end time: Jul 15 08:20 India Standard Time
"LinkedListGetTailTest.SingleElement" time elapsed: 00:00:00
----------------------------------------------------------

26/72 Testing: LinkedListGetTailTest.MultipleElements
26/72 Test: LinkedListGetTailTest.MultipleElements
Command: "C:/Users/naman/OneDrive/Attachments/Documents/Desktop/CodeQuotient/build/DynamicArrayTests.exe" "--gtest_filter=LinkedListGetTailTest.MultipleElements" "--gtest_also_run_disabled_tests"
Directory: C:/Users/naman/OneDrive/Attachments/Documents/Desktop/CodeQuotient/build
"LinkedListGetTailTest.MultipleElements" start time: Jul 15 08:20 India Standard Time
Output:
----------------------------------------------------------
Running main() from C:\Users\naman\OneDrive\Attachments\Documents\Desktop\CodeQuotient\build\_deps\googletest-src\googletest\src\gtest_main.cc
Note: Google Test filter = LinkedListGetTailTest.MultipleElements
[==========] Running 1 test from 1 test suite.
[----------] Global test environment set-up.
[----------] 1 test from LinkedListGetTailTest
[ RUN      ] LinkedListGetTailTest.MultipleElements
[       OK ] LinkedListGetTailTest.MultipleElements (0 ms)
[----------] 1 test from LinkedListGetTailTest (0 ms total)

[----------] Global test environment tear-down
[==========] 1 test from 1 test suite ran. (0 ms total)
[  PASSED  ] 1 test.
<end of output>
Test time =   0.04 sec
----------------------------------------------------------
Test Passed.
"LinkedListGetTailTest.MultipleElements" end time: Jul 15 08:20 India Standard Time
"LinkedListGetTailTest.MultipleElements" time elapsed: 00:00:00
----------------------------------------------------------

27/72 Testing: LinkedListGetTailTest.AfterDeletingTail
27/72 Test: LinkedListGetTailTest.AfterDeletingTail
Command: "C:/Users/naman/OneDrive/Attachments/Documents/Desktop/CodeQuotient/build/DynamicArrayTests.exe" "--gtest_filter=LinkedListGetTailTest.AfterDeletingTail" "--gtest_also_run_disabled_tests"
Directory: C:/Users/naman/OneDrive/Attachments/Documents/Desktop/CodeQuotient/build
"LinkedListGetTailTest.AfterDeletingTail" start time: Jul 15 08:20 India Standard Time
Output:
----------------------------------------------------------
Running main() from C:\Users\naman\OneDrive\Attachments\Documents\Desktop\CodeQuotient\build\_deps\googletest-src\googletest\src\gtest_main.cc
Note: Google Test filter = LinkedListGetTailTest.AfterDeletingTail
[==========] Running 1 test from 1 test suite.
[----------] Global test environment set-up.
[----------] 1 test from LinkedListGetTailTest
[ RUN      ] LinkedListGetTailTest.AfterDeletingTail
[       OK ] LinkedListGetTailTest.AfterDeletingTail (0 ms)
[----------] 1 test from LinkedListGetTailTest (0 ms total)

[----------] Global test environment tear-down
[==========] 1 test from 1 test suite ran. (0 ms total)
[  PASSED  ] 1 test.
<end of output>
Test time =   0.04 sec
----------------------------------------------------------
Test Passed.
"LinkedListGetTailTest.AfterDeletingTail" end time: Jul 15 08:20 India Standard Time
"LinkedListGetTailTest.AfterDeletingTail" time elapsed: 00:00:00
----------------------------------------------------------

28/72 Testing: LinkedListGetHeadTest.EmptyList
28/72 Test: LinkedListGetHeadTest.EmptyList
Command: "C:/Users/naman/OneDrive/Attachments/Documents/Desktop/CodeQuotient/build/DynamicArrayTests.exe" "--gtest_filter=LinkedListGetHeadTest.EmptyList" "--gtest_also_run_disabled_tests"
Directory: C:/Users/naman/OneDrive/Attachments/Documents/Desktop/CodeQuotient/build
"LinkedListGetHeadTest.EmptyList" start time: Jul 15 08:20 India Standard Time
Output:
----------------------------------------------------------
Running main() from C:\Users\naman\OneDrive\Attachments\Documents\Desktop\CodeQuotient\build\_deps\googletest-src\googletest\src\gtest_main.cc
Note: Google Test filter = LinkedListGetHeadTest.EmptyList
[==========] Running 1 test from 1 test suite.
[----------] Global test environment set-up.
[----------] 1 test from LinkedListGetHeadTest
[ RUN      ] LinkedListGetHeadTest.EmptyList
[       OK ] LinkedListGetHeadTest.EmptyList (0 ms)
[----------] 1 test from LinkedListGetHeadTest (0 ms total)

[----------] Global test environment tear-down
[==========] 1 test from 1 test suite ran. (0 ms total)
[  PASSED  ] 1 test.
<end of output>
Test time =   0.04 sec
----------------------------------------------------------
Test Passed.
"LinkedListGetHeadTest.EmptyList" end time: Jul 15 08:20 India Standard Time
"LinkedListGetHeadTest.EmptyList" time elapsed: 00:00:00
----------------------------------------------------------

29/72 Testing: LinkedListGetHeadTest.SingleElement
29/72 Test: LinkedListGetHeadTest.SingleElement
Command: "C:/Users/naman/OneDrive/Attachments/Documents/Desktop/CodeQuotient/build/DynamicArrayTests.exe" "--gtest_filter=LinkedListGetHeadTest.SingleElement" "--gtest_also_run_disabled_tests"
Directory: C:/Users/naman/OneDrive/Attachments/Documents/Desktop/CodeQuotient/build
"LinkedListGetHeadTest.SingleElement" start time: Jul 15 08:20 India Standard Time
Output:
----------------------------------------------------------
Running main() from C:\Users\naman\OneDrive\Attachments\Documents\Desktop\CodeQuotient\build\_deps\googletest-src\googletest\src\gtest_main.cc
Note: Google Test filter = LinkedListGetHeadTest.SingleElement
[==========] Running 1 test from 1 test suite.
[----------] Global test environment set-up.
[----------] 1 test from LinkedListGetHeadTest
[ RUN      ] LinkedListGetHeadTest.SingleElement
[       OK ] LinkedListGetHeadTest.SingleElement (0 ms)
[----------] 1 test from LinkedListGetHeadTest (0 ms total)

[----------] Global test environment tear-down
[==========] 1 test from 1 test suite ran. (0 ms total)
[  PASSED  ] 1 test.
<end of output>
Test time =   0.05 sec
----------------------------------------------------------
Test Passed.
"LinkedListGetHeadTest.SingleElement" end time: Jul 15 08:20 India Standard Time
"LinkedListGetHeadTest.SingleElement" time elapsed: 00:00:00
----------------------------------------------------------

30/72 Testing: LinkedListGetHeadTest.MultipleElements
30/72 Test: LinkedListGetHeadTest.MultipleElements
Command: "C:/Users/naman/OneDrive/Attachments/Documents/Desktop/CodeQuotient/build/DynamicArrayTests.exe" "--gtest_filter=LinkedListGetHeadTest.MultipleElements" "--gtest_also_run_disabled_tests"
Directory: C:/Users/naman/OneDrive/Attachments/Documents/Desktop/CodeQuotient/build
"LinkedListGetHeadTest.MultipleElements" start time: Jul 15 08:20 India Standard Time
Output:
----------------------------------------------------------
Running main() from C:\Users\naman\OneDrive\Attachments\Documents\Desktop\CodeQuotient\build\_deps\googletest-src\googletest\src\gtest_main.cc
Note: Google Test filter = LinkedListGetHeadTest.MultipleElements
[==========] Running 1 test from 1 test suite.
[----------] Global test environment set-up.
[----------] 1 test from LinkedListGetHeadTest
[ RUN      ] LinkedListGetHeadTest.MultipleElements
[       OK ] LinkedListGetHeadTest.MultipleElements (0 ms)
[----------] 1 test from LinkedListGetHeadTest (0 ms total)

[----------] Global test environment tear-down
[==========] 1 test from 1 test suite ran. (0 ms total)
[  PASSED  ] 1 test.
<end of output>
Test time =   0.05 sec
----------------------------------------------------------
Test Passed.
"LinkedListGetHeadTest.MultipleElements" end time: Jul 15 08:20 India Standard Time
"LinkedListGetHeadTest.MultipleElements" time elapsed: 00:00:00
----------------------------------------------------------

31/72 Testing: LinkedListGetHeadTest.AfterDeletingHead
31/72 Test: LinkedListGetHeadTest.AfterDeletingHead
Command: "C:/Users/naman/OneDrive/Attachments/Documents/Desktop/CodeQuotient/build/DynamicArrayTests.exe" "--gtest_filter=LinkedListGetHeadTest.AfterDeletingHead" "--gtest_also_run_disabled_tests"
Directory: C:/Users/naman/OneDrive/Attachments/Documents/Desktop/CodeQuotient/build
"LinkedListGetHeadTest.AfterDeletingHead" start time: Jul 15 08:20 India Standard Time
Output:
----------------------------------------------------------
Running main() from C:\Users\naman\OneDrive\Attachments\Documents\Desktop\CodeQuotient\build\_deps\googletest-src\googletest\src\gtest_main.cc
Note: Google Test filter = LinkedListGetHeadTest.AfterDeletingHead
[==========] Running 1 test from 1 test suite.
[----------] Global test environment set-up.
[----------] 1 test from LinkedListGetHeadTest
[ RUN      ] LinkedListGetHeadTest.AfterDeletingHead
[       OK ] LinkedListGetHeadTest.AfterDeletingHead (0 ms)
[----------] 1 test from LinkedListGetHeadTest (0 ms total)

[----------] Global test environment tear-down
[==========] 1 test from 1 test suite ran. (0 ms total)
[  PASSED  ] 1 test.
<end of output>
Test time =   0.05 sec
----------------------------------------------------------
Test Passed.
"LinkedListGetHeadTest.AfterDeletingHead" end time: Jul 15 08:20 India Standard Time
"LinkedListGetHeadTest.AfterDeletingHead" time elapsed: 00:00:00
----------------------------------------------------------

32/72 Testing: LinkedListFindNodeTest.FindHeadNode
32/72 Test: LinkedListFindNodeTest.FindHeadNode
Command: "C:/Users/naman/OneDrive/Attachments/Documents/Desktop/CodeQuotient/build/DynamicArrayTests.exe" "--gtest_filter=LinkedListFindNodeTest.FindHeadNode" "--gtest_also_run_disabled_tests"
Directory: C:/Users/naman/OneDrive/Attachments/Documents/Desktop/CodeQuotient/build
"LinkedListFindNodeTest.FindHeadNode" start time: Jul 15 08:20 India Standard Time
Output:
----------------------------------------------------------
Running main() from C:\Users\naman\OneDrive\Attachments\Documents\Desktop\CodeQuotient\build\_deps\googletest-src\googletest\src\gtest_main.cc
Note: Google Test filter = LinkedListFindNodeTest.FindHeadNode
[==========] Running 1 test from 1 test suite.
[----------] Global test environment set-up.
[----------] 1 test from LinkedListFindNodeTest
[ RUN      ] LinkedListFindNodeTest.FindHeadNode
[       OK ] LinkedListFindNodeTest.FindHeadNode (0 ms)
[----------] 1 test from LinkedListFindNodeTest (0 ms total)

[----------] Global test environment tear-down
[==========] 1 test from 1 test suite ran. (0 ms total)
[  PASSED  ] 1 test.
<end of output>
Test time =   0.05 sec
----------------------------------------------------------
Test Passed.
"LinkedListFindNodeTest.FindHeadNode" end time: Jul 15 08:20 India Standard Time
"LinkedListFindNodeTest.FindHeadNode" time elapsed: 00:00:00
----------------------------------------------------------

33/72 Testing: LinkedListFindNodeTest.FindMiddleNode
33/72 Test: LinkedListFindNodeTest.FindMiddleNode
Command: "C:/Users/naman/OneDrive/Attachments/Documents/Desktop/CodeQuotient/build/DynamicArrayTests.exe" "--gtest_filter=LinkedListFindNodeTest.FindMiddleNode" "--gtest_also_run_disabled_tests"
Directory: C:/Users/naman/OneDrive/Attachments/Documents/Desktop/CodeQuotient/build
"LinkedListFindNodeTest.FindMiddleNode" start time: Jul 15 08:20 India Standard Time
Output:
----------------------------------------------------------
Running main() from C:\Users\naman\OneDrive\Attachments\Documents\Desktop\CodeQuotient\build\_deps\googletest-src\googletest\src\gtest_main.cc
Note: Google Test filter = LinkedListFindNodeTest.FindMiddleNode
[==========] Running 1 test from 1 test suite.
[----------] Global test environment set-up.
[----------] 1 test from LinkedListFindNodeTest
[ RUN      ] LinkedListFindNodeTest.FindMiddleNode
[       OK ] LinkedListFindNodeTest.FindMiddleNode (0 ms)
[----------] 1 test from LinkedListFindNodeTest (0 ms total)

[----------] Global test environment tear-down
[==========] 1 test from 1 test suite ran. (0 ms total)
[  PASSED  ] 1 test.
<end of output>
Test time =   0.05 sec
----------------------------------------------------------
Test Passed.
"LinkedListFindNodeTest.FindMiddleNode" end time: Jul 15 08:20 India Standard Time
"LinkedListFindNodeTest.FindMiddleNode" time elapsed: 00:00:00
----------------------------------------------------------

34/72 Testing: LinkedListFindNodeTest.FindTailNode
34/72 Test: LinkedListFindNodeTest.FindTailNode
Command: "C:/Users/naman/OneDrive/Attachments/Documents/Desktop/CodeQuotient/build/DynamicArrayTests.exe" "--gtest_filter=LinkedListFindNodeTest.FindTailNode" "--gtest_also_run_disabled_tests"
Directory: C:/Users/naman/OneDrive/Attachments/Documents/Desktop/CodeQuotient/build
"LinkedListFindNodeTest.FindTailNode" start time: Jul 15 08:20 India Standard Time
Output:
----------------------------------------------------------
Running main() from C:\Users\naman\OneDrive\Attachments\Documents\Desktop\CodeQuotient\build\_deps\googletest-src\googletest\src\gtest_main.cc
Note: Google Test filter = LinkedListFindNodeTest.FindTailNode
[==========] Running 1 test from 1 test suite.
[----------] Global test environment set-up.
[----------] 1 test from LinkedListFindNodeTest
[ RUN      ] LinkedListFindNodeTest.FindTailNode
[       OK ] LinkedListFindNodeTest.FindTailNode (0 ms)
[----------] 1 test from LinkedListFindNodeTest (0 ms total)

[----------] Global test environment tear-down
[==========] 1 test from 1 test suite ran. (0 ms total)
[  PASSED  ] 1 test.
<end of output>
Test time =   0.04 sec
----------------------------------------------------------
Test Passed.
"LinkedListFindNodeTest.FindTailNode" end time: Jul 15 08:20 India Standard Time
"LinkedListFindNodeTest.FindTailNode" time elapsed: 00:00:00
----------------------------------------------------------

35/72 Testing: LinkedListFindNodeTest.FindNonExistingNode
35/72 Test: LinkedListFindNodeTest.FindNonExistingNode
Command: "C:/Users/naman/OneDrive/Attachments/Documents/Desktop/CodeQuotient/build/DynamicArrayTests.exe" "--gtest_filter=LinkedListFindNodeTest.FindNonExistingNode" "--gtest_also_run_disabled_tests"
Directory: C:/Users/naman/OneDrive/Attachments/Documents/Desktop/CodeQuotient/build
"LinkedListFindNodeTest.FindNonExistingNode" start time: Jul 15 08:20 India Standard Time
Output:
----------------------------------------------------------
Running main() from C:\Users\naman\OneDrive\Attachments\Documents\Desktop\CodeQuotient\build\_deps\googletest-src\googletest\src\gtest_main.cc
Note: Google Test filter = LinkedListFindNodeTest.FindNonExistingNode
[==========] Running 1 test from 1 test suite.
[----------] Global test environment set-up.
[----------] 1 test from LinkedListFindNodeTest
[ RUN      ] LinkedListFindNodeTest.FindNonExistingNode
[       OK ] LinkedListFindNodeTest.FindNonExistingNode (0 ms)
[----------] 1 test from LinkedListFindNodeTest (0 ms total)

[----------] Global test environment tear-down
[==========] 1 test from 1 test suite ran. (0 ms total)
[  PASSED  ] 1 test.
<end of output>
Test time =   0.05 sec
----------------------------------------------------------
Test Passed.
"LinkedListFindNodeTest.FindNonExistingNode" end time: Jul 15 08:20 India Standard Time
"LinkedListFindNodeTest.FindNonExistingNode" time elapsed: 00:00:00
----------------------------------------------------------

36/72 Testing: LinkedListDeleteFrontTest.DeleteFromSingleElementList
36/72 Test: LinkedListDeleteFrontTest.DeleteFromSingleElementList
Command: "C:/Users/naman/OneDrive/Attachments/Documents/Desktop/CodeQuotient/build/DynamicArrayTests.exe" "--gtest_filter=LinkedListDeleteFrontTest.DeleteFromSingleElementList" "--gtest_also_run_disabled_tests"
Directory: C:/Users/naman/OneDrive/Attachments/Documents/Desktop/CodeQuotient/build
"LinkedListDeleteFrontTest.DeleteFromSingleElementList" start time: Jul 15 08:20 India Standard Time
Output:
----------------------------------------------------------
Running main() from C:\Users\naman\OneDrive\Attachments\Documents\Desktop\CodeQuotient\build\_deps\googletest-src\googletest\src\gtest_main.cc
Note: Google Test filter = LinkedListDeleteFrontTest.DeleteFromSingleElementList
[==========] Running 1 test from 1 test suite.
[----------] Global test environment set-up.
[----------] 1 test from LinkedListDeleteFrontTest
[ RUN      ] LinkedListDeleteFrontTest.DeleteFromSingleElementList
[       OK ] LinkedListDeleteFrontTest.DeleteFromSingleElementList (0 ms)
[----------] 1 test from LinkedListDeleteFrontTest (0 ms total)

[----------] Global test environment tear-down
[==========] 1 test from 1 test suite ran. (1 ms total)
[  PASSED  ] 1 test.
<end of output>
Test time =   0.05 sec
----------------------------------------------------------
Test Passed.
"LinkedListDeleteFrontTest.DeleteFromSingleElementList" end time: Jul 15 08:20 India Standard Time
"LinkedListDeleteFrontTest.DeleteFromSingleElementList" time elapsed: 00:00:00
----------------------------------------------------------

37/72 Testing: LinkedListDeleteFrontTest.DeleteFromMultipleElementList
37/72 Test: LinkedListDeleteFrontTest.DeleteFromMultipleElementList
Command: "C:/Users/naman/OneDrive/Attachments/Documents/Desktop/CodeQuotient/build/DynamicArrayTests.exe" "--gtest_filter=LinkedListDeleteFrontTest.DeleteFromMultipleElementList" "--gtest_also_run_disabled_tests"
Directory: C:/Users/naman/OneDrive/Attachments/Documents/Desktop/CodeQuotient/build
"LinkedListDeleteFrontTest.DeleteFromMultipleElementList" start time: Jul 15 08:20 India Standard Time
Output:
----------------------------------------------------------
Running main() from C:\Users\naman\OneDrive\Attachments\Documents\Desktop\CodeQuotient\build\_deps\googletest-src\googletest\src\gtest_main.cc
Note: Google Test filter = LinkedListDeleteFrontTest.DeleteFromMultipleElementList
[==========] Running 1 test from 1 test suite.
[----------] Global test environment set-up.
[----------] 1 test from LinkedListDeleteFrontTest
[ RUN      ] LinkedListDeleteFrontTest.DeleteFromMultipleElementList
[       OK ] LinkedListDeleteFrontTest.DeleteFromMultipleElementList (0 ms)
[----------] 1 test from LinkedListDeleteFrontTest (0 ms total)

[----------] Global test environment tear-down
[==========] 1 test from 1 test suite ran. (0 ms total)
[  PASSED  ] 1 test.
<end of output>
Test time =   0.05 sec
----------------------------------------------------------
Test Passed.
"LinkedListDeleteFrontTest.DeleteFromMultipleElementList" end time: Jul 15 08:20 India Standard Time
"LinkedListDeleteFrontTest.DeleteFromMultipleElementList" time elapsed: 00:00:00
----------------------------------------------------------

38/72 Testing: LinkedListDeleteFrontTest.DeleteUntilEmpty
38/72 Test: LinkedListDeleteFrontTest.DeleteUntilEmpty
Command: "C:/Users/naman/OneDrive/Attachments/Documents/Desktop/CodeQuotient/build/DynamicArrayTests.exe" "--gtest_filter=LinkedListDeleteFrontTest.DeleteUntilEmpty" "--gtest_also_run_disabled_tests"
Directory: C:/Users/naman/OneDrive/Attachments/Documents/Desktop/CodeQuotient/build
"LinkedListDeleteFrontTest.DeleteUntilEmpty" start time: Jul 15 08:20 India Standard Time
Output:
----------------------------------------------------------
Running main() from C:\Users\naman\OneDrive\Attachments\Documents\Desktop\CodeQuotient\build\_deps\googletest-src\googletest\src\gtest_main.cc
Note: Google Test filter = LinkedListDeleteFrontTest.DeleteUntilEmpty
[==========] Running 1 test from 1 test suite.
[----------] Global test environment set-up.
[----------] 1 test from LinkedListDeleteFrontTest
[ RUN      ] LinkedListDeleteFrontTest.DeleteUntilEmpty
[       OK ] LinkedListDeleteFrontTest.DeleteUntilEmpty (0 ms)
[----------] 1 test from LinkedListDeleteFrontTest (0 ms total)

[----------] Global test environment tear-down
[==========] 1 test from 1 test suite ran. (0 ms total)
[  PASSED  ] 1 test.
<end of output>
Test time =   0.05 sec
----------------------------------------------------------
Test Passed.
"LinkedListDeleteFrontTest.DeleteUntilEmpty" end time: Jul 15 08:20 India Standard Time
"LinkedListDeleteFrontTest.DeleteUntilEmpty" time elapsed: 00:00:00
----------------------------------------------------------

39/72 Testing: LinkedListDeleteFrontTest.DeleteFromEmptyList
39/72 Test: LinkedListDeleteFrontTest.DeleteFromEmptyList
Command: "C:/Users/naman/OneDrive/Attachments/Documents/Desktop/CodeQuotient/build/DynamicArrayTests.exe" "--gtest_filter=LinkedListDeleteFrontTest.DeleteFromEmptyList" "--gtest_also_run_disabled_tests"
Directory: C:/Users/naman/OneDrive/Attachments/Documents/Desktop/CodeQuotient/build
"LinkedListDeleteFrontTest.DeleteFromEmptyList" start time: Jul 15 08:20 India Standard Time
Output:
----------------------------------------------------------
Running main() from C:\Users\naman\OneDrive\Attachments\Documents\Desktop\CodeQuotient\build\_deps\googletest-src\googletest\src\gtest_main.cc
Note: Google Test filter = LinkedListDeleteFrontTest.DeleteFromEmptyList
[==========] Running 1 test from 1 test suite.
[----------] Global test environment set-up.
[----------] 1 test from LinkedListDeleteFrontTest
[ RUN      ] LinkedListDeleteFrontTest.DeleteFromEmptyList
[       OK ] LinkedListDeleteFrontTest.DeleteFromEmptyList (0 ms)
[----------] 1 test from LinkedListDeleteFrontTest (0 ms total)

[----------] Global test environment tear-down
[==========] 1 test from 1 test suite ran. (0 ms total)
[  PASSED  ] 1 test.
<end of output>
Test time =   0.05 sec
----------------------------------------------------------
Test Passed.
"LinkedListDeleteFrontTest.DeleteFromEmptyList" end time: Jul 15 08:20 India Standard Time
"LinkedListDeleteFrontTest.DeleteFromEmptyList" time elapsed: 00:00:00
----------------------------------------------------------

40/72 Testing: LinkedListDeleteBackTest.DeleteFromSingleElementList
40/72 Test: LinkedListDeleteBackTest.DeleteFromSingleElementList
Command: "C:/Users/naman/OneDrive/Attachments/Documents/Desktop/CodeQuotient/build/DynamicArrayTests.exe" "--gtest_filter=LinkedListDeleteBackTest.DeleteFromSingleElementList" "--gtest_also_run_disabled_tests"
Directory: C:/Users/naman/OneDrive/Attachments/Documents/Desktop/CodeQuotient/build
"LinkedListDeleteBackTest.DeleteFromSingleElementList" start time: Jul 15 08:20 India Standard Time
Output:
----------------------------------------------------------
Running main() from C:\Users\naman\OneDrive\Attachments\Documents\Desktop\CodeQuotient\build\_deps\googletest-src\googletest\src\gtest_main.cc
Note: Google Test filter = LinkedListDeleteBackTest.DeleteFromSingleElementList
[==========] Running 1 test from 1 test suite.
[----------] Global test environment set-up.
[----------] 1 test from LinkedListDeleteBackTest
[ RUN      ] LinkedListDeleteBackTest.DeleteFromSingleElementList
[       OK ] LinkedListDeleteBackTest.DeleteFromSingleElementList (0 ms)
[----------] 1 test from LinkedListDeleteBackTest (0 ms total)

[----------] Global test environment tear-down
[==========] 1 test from 1 test suite ran. (0 ms total)
[  PASSED  ] 1 test.
<end of output>
Test time =   0.05 sec
----------------------------------------------------------
Test Passed.
"LinkedListDeleteBackTest.DeleteFromSingleElementList" end time: Jul 15 08:20 India Standard Time
"LinkedListDeleteBackTest.DeleteFromSingleElementList" time elapsed: 00:00:00
----------------------------------------------------------

41/72 Testing: LinkedListDeleteBackTest.DeleteFromMultipleElementList
41/72 Test: LinkedListDeleteBackTest.DeleteFromMultipleElementList
Command: "C:/Users/naman/OneDrive/Attachments/Documents/Desktop/CodeQuotient/build/DynamicArrayTests.exe" "--gtest_filter=LinkedListDeleteBackTest.DeleteFromMultipleElementList" "--gtest_also_run_disabled_tests"
Directory: C:/Users/naman/OneDrive/Attachments/Documents/Desktop/CodeQuotient/build
"LinkedListDeleteBackTest.DeleteFromMultipleElementList" start time: Jul 15 08:20 India Standard Time
Output:
----------------------------------------------------------
Running main() from C:\Users\naman\OneDrive\Attachments\Documents\Desktop\CodeQuotient\build\_deps\googletest-src\googletest\src\gtest_main.cc
Note: Google Test filter = LinkedListDeleteBackTest.DeleteFromMultipleElementList
[==========] Running 1 test from 1 test suite.
[----------] Global test environment set-up.
[----------] 1 test from LinkedListDeleteBackTest
[ RUN      ] LinkedListDeleteBackTest.DeleteFromMultipleElementList
[       OK ] LinkedListDeleteBackTest.DeleteFromMultipleElementList (0 ms)
[----------] 1 test from LinkedListDeleteBackTest (0 ms total)

[----------] Global test environment tear-down
[==========] 1 test from 1 test suite ran. (0 ms total)
[  PASSED  ] 1 test.
<end of output>
Test time =   0.05 sec
----------------------------------------------------------
Test Passed.
"LinkedListDeleteBackTest.DeleteFromMultipleElementList" end time: Jul 15 08:20 India Standard Time
"LinkedListDeleteBackTest.DeleteFromMultipleElementList" time elapsed: 00:00:00
----------------------------------------------------------

42/72 Testing: LinkedListDeleteBackTest.DeleteUntilEmpty
42/72 Test: LinkedListDeleteBackTest.DeleteUntilEmpty
Command: "C:/Users/naman/OneDrive/Attachments/Documents/Desktop/CodeQuotient/build/DynamicArrayTests.exe" "--gtest_filter=LinkedListDeleteBackTest.DeleteUntilEmpty" "--gtest_also_run_disabled_tests"
Directory: C:/Users/naman/OneDrive/Attachments/Documents/Desktop/CodeQuotient/build
"LinkedListDeleteBackTest.DeleteUntilEmpty" start time: Jul 15 08:20 India Standard Time
Output:
----------------------------------------------------------
Running main() from C:\Users\naman\OneDrive\Attachments\Documents\Desktop\CodeQuotient\build\_deps\googletest-src\googletest\src\gtest_main.cc
Note: Google Test filter = LinkedListDeleteBackTest.DeleteUntilEmpty
[==========] Running 1 test from 1 test suite.
[----------] Global test environment set-up.
[----------] 1 test from LinkedListDeleteBackTest
[ RUN      ] LinkedListDeleteBackTest.DeleteUntilEmpty
[       OK ] LinkedListDeleteBackTest.DeleteUntilEmpty (0 ms)
[----------] 1 test from LinkedListDeleteBackTest (0 ms total)

[----------] Global test environment tear-down
[==========] 1 test from 1 test suite ran. (0 ms total)
[  PASSED  ] 1 test.
<end of output>
Test time =   0.04 sec
----------------------------------------------------------
Test Passed.
"LinkedListDeleteBackTest.DeleteUntilEmpty" end time: Jul 15 08:20 India Standard Time
"LinkedListDeleteBackTest.DeleteUntilEmpty" time elapsed: 00:00:00
----------------------------------------------------------

43/72 Testing: LinkedListDeleteBackTest.DeleteFromEmptyList
43/72 Test: LinkedListDeleteBackTest.DeleteFromEmptyList
Command: "C:/Users/naman/OneDrive/Attachments/Documents/Desktop/CodeQuotient/build/DynamicArrayTests.exe" "--gtest_filter=LinkedListDeleteBackTest.DeleteFromEmptyList" "--gtest_also_run_disabled_tests"
Directory: C:/Users/naman/OneDrive/Attachments/Documents/Desktop/CodeQuotient/build
"LinkedListDeleteBackTest.DeleteFromEmptyList" start time: Jul 15 08:20 India Standard Time
Output:
----------------------------------------------------------
Running main() from C:\Users\naman\OneDrive\Attachments\Documents\Desktop\CodeQuotient\build\_deps\googletest-src\googletest\src\gtest_main.cc
Note: Google Test filter = LinkedListDeleteBackTest.DeleteFromEmptyList
[==========] Running 1 test from 1 test suite.
[----------] Global test environment set-up.
[----------] 1 test from LinkedListDeleteBackTest
[ RUN      ] LinkedListDeleteBackTest.DeleteFromEmptyList
[       OK ] LinkedListDeleteBackTest.DeleteFromEmptyList (0 ms)
[----------] 1 test from LinkedListDeleteBackTest (0 ms total)

[----------] Global test environment tear-down
[==========] 1 test from 1 test suite ran. (0 ms total)
[  PASSED  ] 1 test.
<end of output>
Test time =   0.05 sec
----------------------------------------------------------
Test Passed.
"LinkedListDeleteBackTest.DeleteFromEmptyList" end time: Jul 15 08:20 India Standard Time
"LinkedListDeleteBackTest.DeleteFromEmptyList" time elapsed: 00:00:00
----------------------------------------------------------

44/72 Testing: DynamicArrayTest.RemoveFrontString
44/72 Test: DynamicArrayTest.RemoveFrontString
Command: "C:/Users/naman/OneDrive/Attachments/Documents/Desktop/CodeQuotient/build/DynamicArrayTests.exe" "--gtest_filter=DynamicArrayTest.RemoveFrontString" "--gtest_also_run_disabled_tests"
Directory: C:/Users/naman/OneDrive/Attachments/Documents/Desktop/CodeQuotient/build
"DynamicArrayTest.RemoveFrontString" start time: Jul 15 08:20 India Standard Time
Output:
----------------------------------------------------------
Running main() from C:\Users\naman\OneDrive\Attachments\Documents\Desktop\CodeQuotient\build\_deps\googletest-src\googletest\src\gtest_main.cc
Note: Google Test filter = DynamicArrayTest.RemoveFrontString
[==========] Running 1 test from 1 test suite.
[----------] Global test environment set-up.
[----------] 1 test from DynamicArrayTest
[ RUN      ] DynamicArrayTest.RemoveFrontString
[       OK ] DynamicArrayTest.RemoveFrontString (0 ms)
[----------] 1 test from DynamicArrayTest (0 ms total)

[----------] Global test environment tear-down
[==========] 1 test from 1 test suite ran. (0 ms total)
[  PASSED  ] 1 test.
<end of output>
Test time =   0.05 sec
----------------------------------------------------------
Test Passed.
"DynamicArrayTest.RemoveFrontString" end time: Jul 15 08:20 India Standard Time
"DynamicArrayTest.RemoveFrontString" time elapsed: 00:00:00
----------------------------------------------------------

45/72 Testing: DynamicArrayTest.RemoveMiddleString
45/72 Test: DynamicArrayTest.RemoveMiddleString
Command: "C:/Users/naman/OneDrive/Attachments/Documents/Desktop/CodeQuotient/build/DynamicArrayTests.exe" "--gtest_filter=DynamicArrayTest.RemoveMiddleString" "--gtest_also_run_disabled_tests"
Directory: C:/Users/naman/OneDrive/Attachments/Documents/Desktop/CodeQuotient/build
"DynamicArrayTest.RemoveMiddleString" start time: Jul 15 08:20 India Standard Time
Output:
----------------------------------------------------------
Running main() from C:\Users\naman\OneDrive\Attachments\Documents\Desktop\CodeQuotient\build\_deps\googletest-src\googletest\src\gtest_main.cc
Note: Google Test filter = DynamicArrayTest.RemoveMiddleString
[==========] Running 1 test from 1 test suite.
[----------] Global test environment set-up.
[----------] 1 test from DynamicArrayTest
[ RUN      ] DynamicArrayTest.RemoveMiddleString
[       OK ] DynamicArrayTest.RemoveMiddleString (0 ms)
[----------] 1 test from DynamicArrayTest (0 ms total)

[----------] Global test environment tear-down
[==========] 1 test from 1 test suite ran. (0 ms total)
[  PASSED  ] 1 test.
<end of output>
Test time =   0.04 sec
----------------------------------------------------------
Test Passed.
"DynamicArrayTest.RemoveMiddleString" end time: Jul 15 08:20 India Standard Time
"DynamicArrayTest.RemoveMiddleString" time elapsed: 00:00:00
----------------------------------------------------------

46/72 Testing: DynamicArrayTest.RemoveBackString
46/72 Test: DynamicArrayTest.RemoveBackString
Command: "C:/Users/naman/OneDrive/Attachments/Documents/Desktop/CodeQuotient/build/DynamicArrayTests.exe" "--gtest_filter=DynamicArrayTest.RemoveBackString" "--gtest_also_run_disabled_tests"
Directory: C:/Users/naman/OneDrive/Attachments/Documents/Desktop/CodeQuotient/build
"DynamicArrayTest.RemoveBackString" start time: Jul 15 08:20 India Standard Time
Output:
----------------------------------------------------------
Running main() from C:\Users\naman\OneDrive\Attachments\Documents\Desktop\CodeQuotient\build\_deps\googletest-src\googletest\src\gtest_main.cc
Note: Google Test filter = DynamicArrayTest.RemoveBackString
[==========] Running 1 test from 1 test suite.
[----------] Global test environment set-up.
[----------] 1 test from DynamicArrayTest
[ RUN      ] DynamicArrayTest.RemoveBackString
[       OK ] DynamicArrayTest.RemoveBackString (0 ms)
[----------] 1 test from DynamicArrayTest (0 ms total)

[----------] Global test environment tear-down
[==========] 1 test from 1 test suite ran. (0 ms total)
[  PASSED  ] 1 test.
<end of output>
Test time =   0.04 sec
----------------------------------------------------------
Test Passed.
"DynamicArrayTest.RemoveBackString" end time: Jul 15 08:20 India Standard Time
"DynamicArrayTest.RemoveBackString" time elapsed: 00:00:00
----------------------------------------------------------

47/72 Testing: DynamicArrayTest.RemoveSingleElementString
47/72 Test: DynamicArrayTest.RemoveSingleElementString
Command: "C:/Users/naman/OneDrive/Attachments/Documents/Desktop/CodeQuotient/build/DynamicArrayTests.exe" "--gtest_filter=DynamicArrayTest.RemoveSingleElementString" "--gtest_also_run_disabled_tests"
Directory: C:/Users/naman/OneDrive/Attachments/Documents/Desktop/CodeQuotient/build
"DynamicArrayTest.RemoveSingleElementString" start time: Jul 15 08:20 India Standard Time
Output:
----------------------------------------------------------
Running main() from C:\Users\naman\OneDrive\Attachments\Documents\Desktop\CodeQuotient\build\_deps\googletest-src\googletest\src\gtest_main.cc
Note: Google Test filter = DynamicArrayTest.RemoveSingleElementString
[==========] Running 1 test from 1 test suite.
[----------] Global test environment set-up.
[----------] 1 test from DynamicArrayTest
[ RUN      ] DynamicArrayTest.RemoveSingleElementString
[       OK ] DynamicArrayTest.RemoveSingleElementString (0 ms)
[----------] 1 test from DynamicArrayTest (0 ms total)

[----------] Global test environment tear-down
[==========] 1 test from 1 test suite ran. (0 ms total)
[  PASSED  ] 1 test.
<end of output>
Test time =   0.03 sec
----------------------------------------------------------
Test Passed.
"DynamicArrayTest.RemoveSingleElementString" end time: Jul 15 08:20 India Standard Time
"DynamicArrayTest.RemoveSingleElementString" time elapsed: 00:00:00
----------------------------------------------------------

48/72 Testing: DynamicArrayTest.RemoveInvalidIndexString
48/72 Test: DynamicArrayTest.RemoveInvalidIndexString
Command: "C:/Users/naman/OneDrive/Attachments/Documents/Desktop/CodeQuotient/build/DynamicArrayTests.exe" "--gtest_filter=DynamicArrayTest.RemoveInvalidIndexString" "--gtest_also_run_disabled_tests"
Directory: C:/Users/naman/OneDrive/Attachments/Documents/Desktop/CodeQuotient/build
"DynamicArrayTest.RemoveInvalidIndexString" start time: Jul 15 08:20 India Standard Time
Output:
----------------------------------------------------------
Running main() from C:\Users\naman\OneDrive\Attachments\Documents\Desktop\CodeQuotient\build\_deps\googletest-src\googletest\src\gtest_main.cc
Note: Google Test filter = DynamicArrayTest.RemoveInvalidIndexString
[==========] Running 1 test from 1 test suite.
[----------] Global test environment set-up.
[----------] 1 test from DynamicArrayTest
[ RUN      ] DynamicArrayTest.RemoveInvalidIndexString
[       OK ] DynamicArrayTest.RemoveInvalidIndexString (0 ms)
[----------] 1 test from DynamicArrayTest (0 ms total)

[----------] Global test environment tear-down
[==========] 1 test from 1 test suite ran. (0 ms total)
[  PASSED  ] 1 test.
<end of output>
Test time =   0.03 sec
----------------------------------------------------------
Test Passed.
"DynamicArrayTest.RemoveInvalidIndexString" end time: Jul 15 08:20 India Standard Time
"DynamicArrayTest.RemoveInvalidIndexString" time elapsed: 00:00:00
----------------------------------------------------------

49/72 Testing: DynamicArrayTest.InsertFrontString
49/72 Test: DynamicArrayTest.InsertFrontString
Command: "C:/Users/naman/OneDrive/Attachments/Documents/Desktop/CodeQuotient/build/DynamicArrayTests.exe" "--gtest_filter=DynamicArrayTest.InsertFrontString" "--gtest_also_run_disabled_tests"
Directory: C:/Users/naman/OneDrive/Attachments/Documents/Desktop/CodeQuotient/build
"DynamicArrayTest.InsertFrontString" start time: Jul 15 08:20 India Standard Time
Output:
----------------------------------------------------------
Running main() from C:\Users\naman\OneDrive\Attachments\Documents\Desktop\CodeQuotient\build\_deps\googletest-src\googletest\src\gtest_main.cc
Note: Google Test filter = DynamicArrayTest.InsertFrontString
[==========] Running 1 test from 1 test suite.
[----------] Global test environment set-up.
[----------] 1 test from DynamicArrayTest
[ RUN      ] DynamicArrayTest.InsertFrontString
[       OK ] DynamicArrayTest.InsertFrontString (0 ms)
[----------] 1 test from DynamicArrayTest (0 ms total)

[----------] Global test environment tear-down
[==========] 1 test from 1 test suite ran. (0 ms total)
[  PASSED  ] 1 test.
<end of output>
Test time =   0.04 sec
----------------------------------------------------------
Test Passed.
"DynamicArrayTest.InsertFrontString" end time: Jul 15 08:20 India Standard Time
"DynamicArrayTest.InsertFrontString" time elapsed: 00:00:00
----------------------------------------------------------

50/72 Testing: DynamicArrayTest.InsertMiddleString
50/72 Test: DynamicArrayTest.InsertMiddleString
Command: "C:/Users/naman/OneDrive/Attachments/Documents/Desktop/CodeQuotient/build/DynamicArrayTests.exe" "--gtest_filter=DynamicArrayTest.InsertMiddleString" "--gtest_also_run_disabled_tests"
Directory: C:/Users/naman/OneDrive/Attachments/Documents/Desktop/CodeQuotient/build
"DynamicArrayTest.InsertMiddleString" start time: Jul 15 08:20 India Standard Time
Output:
----------------------------------------------------------
Running main() from C:\Users\naman\OneDrive\Attachments\Documents\Desktop\CodeQuotient\build\_deps\googletest-src\googletest\src\gtest_main.cc
Note: Google Test filter = DynamicArrayTest.InsertMiddleString
[==========] Running 1 test from 1 test suite.
[----------] Global test environment set-up.
[----------] 1 test from DynamicArrayTest
[ RUN      ] DynamicArrayTest.InsertMiddleString
[       OK ] DynamicArrayTest.InsertMiddleString (0 ms)
[----------] 1 test from DynamicArrayTest (0 ms total)

[----------] Global test environment tear-down
[==========] 1 test from 1 test suite ran. (0 ms total)
[  PASSED  ] 1 test.
<end of output>
Test time =   0.04 sec
----------------------------------------------------------
Test Passed.
"DynamicArrayTest.InsertMiddleString" end time: Jul 15 08:20 India Standard Time
"DynamicArrayTest.InsertMiddleString" time elapsed: 00:00:00
----------------------------------------------------------

51/72 Testing: DynamicArrayTest.InsertBackString
51/72 Test: DynamicArrayTest.InsertBackString
Command: "C:/Users/naman/OneDrive/Attachments/Documents/Desktop/CodeQuotient/build/DynamicArrayTests.exe" "--gtest_filter=DynamicArrayTest.InsertBackString" "--gtest_also_run_disabled_tests"
Directory: C:/Users/naman/OneDrive/Attachments/Documents/Desktop/CodeQuotient/build
"DynamicArrayTest.InsertBackString" start time: Jul 15 08:20 India Standard Time
Output:
----------------------------------------------------------
Running main() from C:\Users\naman\OneDrive\Attachments\Documents\Desktop\CodeQuotient\build\_deps\googletest-src\googletest\src\gtest_main.cc
Note: Google Test filter = DynamicArrayTest.InsertBackString
[==========] Running 1 test from 1 test suite.
[----------] Global test environment set-up.
[----------] 1 test from DynamicArrayTest
[ RUN      ] DynamicArrayTest.InsertBackString
[       OK ] DynamicArrayTest.InsertBackString (0 ms)
[----------] 1 test from DynamicArrayTest (0 ms total)

[----------] Global test environment tear-down
[==========] 1 test from 1 test suite ran. (0 ms total)
[  PASSED  ] 1 test.
<end of output>
Test time =   0.05 sec
----------------------------------------------------------
Test Passed.
"DynamicArrayTest.InsertBackString" end time: Jul 15 08:20 India Standard Time
"DynamicArrayTest.InsertBackString" time elapsed: 00:00:00
----------------------------------------------------------

52/72 Testing: DynamicArrayTest.InsertIntoEmptyArray
52/72 Test: DynamicArrayTest.InsertIntoEmptyArray
Command: "C:/Users/naman/OneDrive/Attachments/Documents/Desktop/CodeQuotient/build/DynamicArrayTests.exe" "--gtest_filter=DynamicArrayTest.InsertIntoEmptyArray" "--gtest_also_run_disabled_tests"
Directory: C:/Users/naman/OneDrive/Attachments/Documents/Desktop/CodeQuotient/build
"DynamicArrayTest.InsertIntoEmptyArray" start time: Jul 15 08:20 India Standard Time
Output:
----------------------------------------------------------
Running main() from C:\Users\naman\OneDrive\Attachments\Documents\Desktop\CodeQuotient\build\_deps\googletest-src\googletest\src\gtest_main.cc
Note: Google Test filter = DynamicArrayTest.InsertIntoEmptyArray
[==========] Running 1 test from 1 test suite.
[----------] Global test environment set-up.
[----------] 1 test from DynamicArrayTest
[ RUN      ] DynamicArrayTest.InsertIntoEmptyArray
[       OK ] DynamicArrayTest.InsertIntoEmptyArray (0 ms)
[----------] 1 test from DynamicArrayTest (0 ms total)

[----------] Global test environment tear-down
[==========] 1 test from 1 test suite ran. (0 ms total)
[  PASSED  ] 1 test.
<end of output>
Test time =   0.05 sec
----------------------------------------------------------
Test Passed.
"DynamicArrayTest.InsertIntoEmptyArray" end time: Jul 15 08:20 India Standard Time
"DynamicArrayTest.InsertIntoEmptyArray" time elapsed: 00:00:00
----------------------------------------------------------

53/72 Testing: DynamicArrayTest.InsertTriggersResize
53/72 Test: DynamicArrayTest.InsertTriggersResize
Command: "C:/Users/naman/OneDrive/Attachments/Documents/Desktop/CodeQuotient/build/DynamicArrayTests.exe" "--gtest_filter=DynamicArrayTest.InsertTriggersResize" "--gtest_also_run_disabled_tests"
Directory: C:/Users/naman/OneDrive/Attachments/Documents/Desktop/CodeQuotient/build
"DynamicArrayTest.InsertTriggersResize" start time: Jul 15 08:20 India Standard Time
Output:
----------------------------------------------------------
Running main() from C:\Users\naman\OneDrive\Attachments\Documents\Desktop\CodeQuotient\build\_deps\googletest-src\googletest\src\gtest_main.cc
Note: Google Test filter = DynamicArrayTest.InsertTriggersResize
[==========] Running 1 test from 1 test suite.
[----------] Global test environment set-up.
[----------] 1 test from DynamicArrayTest
[ RUN      ] DynamicArrayTest.InsertTriggersResize
[       OK ] DynamicArrayTest.InsertTriggersResize (0 ms)
[...]
[==========] 1 test from 1 test suite ran. (0 ms total)
[  PASSED  ] 1 test.
<end of output>
Test time =   0.05 sec
----------------------------------------------------------
Test Passed.
"DynamicArrayTest.GetInvalidPositiveIndex" end time: Jul 15 08:20 India Standard Time
"DynamicArrayTest.GetInvalidPositiveIndex" time elapsed: 00:00:00
----------------------------------------------------------

60/72 Testing: DynamicArrayTest.GetNegativeIndex
60/72 Test: DynamicArrayTest.GetNegativeIndex
Command: "C:/Users/naman/OneDrive/Attachments/Documents/Desktop/CodeQuotient/build/DynamicArrayTests.exe" "--gtest_filter=DynamicArrayTest.GetNegativeIndex" "--gtest_also_run_disabled_tests"
Directory: C:/Users/naman/OneDrive/Attachments/Documents/Desktop/CodeQuotient/build
"DynamicArrayTest.GetNegativeIndex" start time: Jul 15 08:20 India Standard Time
Output:
----------------------------------------------------------
Running main() from C:\Users\naman\OneDrive\Attachments\Documents\Desktop\CodeQuotient\build\_deps\googletest-src\googletest\src\gtest_main.cc
Note: Google Test filter = DynamicArrayTest.GetNegativeIndex
[==========] Running 1 test from 1 test suite.
[----------] Global test environment set-up.
[----------] 1 test from DynamicArrayTest
[ RUN      ] DynamicArrayTest.GetNegativeIndex
[       OK ] DynamicArrayTest.GetNegativeIndex (0 ms)
[----------] 1 test from DynamicArrayTest (0 ms total)

[----------] Global test environment tear-down
[==========] 1 test from 1 test suite ran. (0 ms total)
[  PASSED  ] 1 test.
<end of output>
Test time =   0.04 sec
----------------------------------------------------------
Test Passed.
"DynamicArrayTest.GetNegativeIndex" end time: Jul 15 08:20 India Standard Time
"DynamicArrayTest.GetNegativeIndex" time elapsed: 00:00:00
----------------------------------------------------------

61/72 Testing: DynamicArrayTest.GetSizeEmptyArray
61/72 Test: DynamicArrayTest.GetSizeEmptyArray
Command: "C:/Users/naman/OneDrive/Attachments/Documents/Desktop/CodeQuotient/build/DynamicArrayTests.exe" "--gtest_filter=DynamicArrayTest.GetSizeEmptyArray" "--gtest_also_run_disabled_tests"
Directory: C:/Users/naman/OneDrive/Attachments/Documents/Desktop/CodeQuotient/build
"DynamicArrayTest.GetSizeEmptyArray" start time: Jul 15 08:20 India Standard Time
Output:
----------------------------------------------------------
Running main() from C:\Users\naman\OneDrive\Attachments\Documents\Desktop\CodeQuotient\build\_deps\googletest-src\googletest\src\gtest_main.cc
Note: Google Test filter = DynamicArrayTest.GetSizeEmptyArray
[==========] Running 1 test from 1 test suite.
[----------] Global test environment set-up.
[----------] 1 test from DynamicArrayTest
[ RUN      ] DynamicArrayTest.GetSizeEmptyArray
[       OK ] DynamicArrayTest.GetSizeEmptyArray (0 ms)
[----------] 1 test from DynamicArrayTest (0 ms total)

[----------] Global test environment tear-down
[==========] 1 test from 1 test suite ran. (0 ms total)
[  PASSED  ] 1 test.
<end of output>
Test time =   0.04 sec
----------------------------------------------------------
Test Passed.
"DynamicArrayTest.GetSizeEmptyArray" end time: Jul 15 08:20 India Standard Time
"DynamicArrayTest.GetSizeEmptyArray" time elapsed: 00:00:00
----------------------------------------------------------

62/72 Testing: DynamicArrayTest.GetSizeAfterAppend
62/72 Test: DynamicArrayTest.GetSizeAfterAppend
Command: "C:/Users/naman/OneDrive/Attachments/Documents/Desktop/CodeQuotient/build/DynamicArrayTests.exe" "--gtest_filter=DynamicArrayTest.GetSizeAfterAppend" "--gtest_also_run_disabled_tests"
Directory: C:/Users/naman/OneDrive/Attachments/Documents/Desktop/CodeQuotient/build
"DynamicArrayTest.GetSizeAfterAppend" start time: Jul 15 08:20 India Standard Time
Output:
----------------------------------------------------------
Running main() from C:\Users\naman\OneDrive\Attachments\Documents\Desktop\CodeQuotient\build\_deps\googletest-src\googletest\src\gtest_main.cc
Note: Google Test filter = DynamicArrayTest.GetSizeAfterAppend
[==========] Running 1 test from 1 test suite.
[----------] Global test environment set-up.
[----------] 1 test from DynamicArrayTest
[ RUN      ] DynamicArrayTest.GetSizeAfterAppend
[       OK ] DynamicArrayTest.GetSizeAfterAppend (0 ms)
[----------] 1 test from DynamicArrayTest (0 ms total)

[----------] Global test environment tear-down
[==========] 1 test from 1 test suite ran. (0 ms total)
[  PASSED  ] 1 test.
<end of output>
Test time =   0.04 sec
----------------------------------------------------------
Test Passed.
"DynamicArrayTest.GetSizeAfterAppend" end time: Jul 15 08:20 India Standard Time
"DynamicArrayTest.GetSizeAfterAppend" time elapsed: 00:00:00
----------------------------------------------------------

63/72 Testing: DynamicArrayTest.GetSizeAfterInsert
63/72 Test: DynamicArrayTest.GetSizeAfterInsert
Command: "C:/Users/naman/OneDrive/Attachments/Documents/Desktop/CodeQuotient/build/DynamicArrayTests.exe" "--gtest_filter=DynamicArrayTest.GetSizeAfterInsert" "--gtest_also_run_disabled_tests"
Directory: C:/Users/naman/OneDrive/Attachments/Documents/Desktop/CodeQuotient/build
"DynamicArrayTest.GetSizeAfterInsert" start time: Jul 15 08:20 India Standard Time
Output:
----------------------------------------------------------
Running main() from C:\Users\naman\OneDrive\Attachments\Documents\Desktop\CodeQuotient\build\_deps\googletest-src\googletest\src\gtest_main.cc
Note: Google Test filter = DynamicArrayTest.GetSizeAfterInsert
[==========] Running 1 test from 1 test suite.
[----------] Global test environment set-up.
[----------] 1 test from DynamicArrayTest
[ RUN      ] DynamicArrayTest.GetSizeAfterInsert
[       OK ] DynamicArrayTest.GetSizeAfterInsert (0 ms)
[----------] 1 test from DynamicArrayTest (0 ms total)

[----------] Global test environment tear-down
[==========] 1 test from 1 test suite ran. (0 ms total)
[  PASSED  ] 1 test.
<end of output>
Test time =   0.05 sec
----------------------------------------------------------
Test Passed.
"DynamicArrayTest.GetSizeAfterInsert" end time: Jul 15 08:20 India Standard Time
"DynamicArrayTest.GetSizeAfterInsert" time elapsed: 00:00:00
----------------------------------------------------------

64/72 Testing: DynamicArrayTest.GetSizeAfterRemove
64/72 Test: DynamicArrayTest.GetSizeAfterRemove
Command: "C:/Users/naman/OneDrive/Attachments/Documents/Desktop/CodeQuotient/build/DynamicArrayTests.exe" "--gtest_filter=DynamicArrayTest.GetSizeAfterRemove" "--gtest_also_run_disabled_tests"
Directory: C:/Users/naman/OneDrive/Attachments/Documents/Desktop/CodeQuotient/build
"DynamicArrayTest.GetSizeAfterRemove" start time: Jul 15 08:20 India Standard Time
Output:
----------------------------------------------------------
Running main() from C:\Users\naman\OneDrive\Attachments\Documents\Desktop\CodeQuotient\build\_deps\googletest-src\googletest\src\gtest_main.cc
Note: Google Test filter = DynamicArrayTest.GetSizeAfterRemove
[==========] Running 1 test from 1 test suite.
[----------] Global test environment set-up.
[----------] 1 test from DynamicArrayTest
[ RUN      ] DynamicArrayTest.GetSizeAfterRemove
[       OK ] DynamicArrayTest.GetSizeAfterRemove (0 ms)
[----------] 1 test from DynamicArrayTest (0 ms total)

[----------] Global test environment tear-down
[==========] 1 test from 1 test suite ran. (0 ms total)
[  PASSED  ] 1 test.
<end of output>
Test time =   0.05 sec
----------------------------------------------------------
Test Passed.
"DynamicArrayTest.GetSizeAfterRemove" end time: Jul 15 08:20 India Standard Time
"DynamicArrayTest.GetSizeAfterRemove" time elapsed: 00:00:00
----------------------------------------------------------

65/72 Testing: DynamicArrayTest.GetCapacityDefaultConstructor
65/72 Test: DynamicArrayTest.GetCapacityDefaultConstructor
Command: "C:/Users/naman/OneDrive/Attachments/Documents/Desktop/CodeQuotient/build/DynamicArrayTests.exe" "--gtest_filter=DynamicArrayTest.GetCapacityDefaultConstructor" "--gtest_also_run_disabled_tests"
Directory: C:/Users/naman/OneDrive/Attachments/Documents/Desktop/CodeQuotient/build
"DynamicArrayTest.GetCapacityDefaultConstructor" start time: Jul 15 08:20 India Standard Time
Output:
----------------------------------------------------------
Running main() from C:\Users\naman\OneDrive\Attachments\Documents\Desktop\CodeQuotient\build\_deps\googletest-src\googletest\src\gtest_main.cc
Note: Google Test filter = DynamicArrayTest.GetCapacityDefaultConstructor
[==========] Running 1 test from 1 test suite.
[----------] Global test environment set-up.
[----------] 1 test from DynamicArrayTest
[ RUN      ] DynamicArrayTest.GetCapacityDefaultConstructor
[       OK ] DynamicArrayTest.GetCapacityDefaultConstructor (0 ms)
[----------] 1 test from DynamicArrayTest (0 ms total)

[----------] Global test environment tear-down
[==========] 1 test from 1 test suite ran. (0 ms total)
[  PASSED  ] 1 test.
<end of output>
Test time =   0.05 sec
----------------------------------------------------------
Test Passed.
"DynamicArrayTest.GetCapacityDefaultConstructor" end time: Jul 15 08:20 India Standard Time
"DynamicArrayTest.GetCapacityDefaultConstructor" time elapsed: 00:00:00
----------------------------------------------------------

66/72 Testing: DynamicArrayTest.GetCapacityParameterizedConstructor
66/72 Test: DynamicArrayTest.GetCapacityParameterizedConstructor
Command: "C:/Users/naman/OneDrive/Attachments/Documents/Desktop/CodeQuotient/build/DynamicArrayTests.exe" "--gtest_filter=DynamicArrayTest.GetCapacityParameterizedConstructor" "--gtest_also_run_disabled_tests"
Directory: C:/Users/naman/OneDrive/Attachments/Documents/Desktop/CodeQuotient/build
"DynamicArrayTest.GetCapacityParameterizedConstructor" start time: Jul 15 08:20 India Standard Time
Output:
----------------------------------------------------------
Running main() from C:\Users\naman\OneDrive\Attachments\Documents\Desktop\CodeQuotient\build\_deps\googletest-src\googletest\src\gtest_main.cc
Note: Google Test filter = DynamicArrayTest.GetCapacityParameterizedConstructor
[==========] Running 1 test from 1 test suite.
[----------] Global test environment set-up.
[----------] 1 test from DynamicArrayTest
[ RUN      ] DynamicArrayTest.GetCapacityParameterizedConstructor
[       OK ] DynamicArrayTest.GetCapacityParameterizedConstructor (0 ms)
[----------] 1 test from DynamicArrayTest (0 ms total)

[----------] Global test environment tear-down
[==========] 1 test from 1 test suite ran. (0 ms total)
[  PASSED  ] 1 test.
<end of output>
Test time =   0.05 sec
----------------------------------------------------------
Test Passed.
"DynamicArrayTest.GetCapacityParameterizedConstructor" end time: Jul 15 08:20 India Standard Time
"DynamicArrayTest.GetCapacityParameterizedConstructor" time elapsed: 00:00:00
----------------------------------------------------------

67/72 Testing: DynamicArrayTest.GetCapacityAfterSingleResize
67/72 Test: DynamicArrayTest.GetCapacityAfterSingleResize
Command: "C:/Users/naman/OneDrive/Attachments/Documents/Desktop/CodeQuotient/build/DynamicArrayTests.exe" "--gtest_filter=DynamicArrayTest.GetCapacityAfterSingleResize" "--gtest_also_run_disabled_tests"
Directory: C:/Users/naman/OneDrive/Attachments/Documents/Desktop/CodeQuotient/build
"DynamicArrayTest.GetCapacityAfterSingleResize" start time: Jul 15 08:20 India Standard Time
Output:
----------------------------------------------------------
Running main() from C:\Users\naman\OneDrive\Attachments\Documents\Desktop\CodeQuotient\build\_deps\googletest-src\googletest\src\gtest_main.cc
Note: Google Test filter = DynamicArrayTest.GetCapacityAfterSingleResize
[==========] Running 1 test from 1 test suite.
[----------] Global test environment set-up.
[----------] 1 test from DynamicArrayTest
[ RUN      ] DynamicArrayTest.GetCapacityAfterSingleResize
[       OK ] DynamicArrayTest.GetCapacityAfterSingleResize (0 ms)
[----------] 1 test from DynamicArrayTest (0 ms total)

[----------] Global test environment tear-down
[==========] 1 test from 1 test suite ran. (0 ms total)
[  PASSED  ] 1 test.
<end of output>
Test time =   0.05 sec
----------------------------------------------------------
Test Passed.
"DynamicArrayTest.GetCapacityAfterSingleResize" end time: Jul 15 08:20 India Standard Time
"DynamicArrayTest.GetCapacityAfterSingleResize" time elapsed: 00:00:00
----------------------------------------------------------

68/72 Testing: DynamicArrayTest.GetCapacityAfterMultipleResizes
68/72 Test: DynamicArrayTest.GetCapacityAfterMultipleResizes
Command: "C:/Users/naman/OneDrive/Attachments/Documents/Desktop/CodeQuotient/build/DynamicArrayTests.exe" "--gtest_filter=DynamicArrayTest.GetCapacityAfterMultipleResizes" "--gtest_also_run_disabled_tests"
Directory: C:/Users/naman/OneDrive/Attachments/Documents/Desktop/CodeQuotient/build
"DynamicArrayTest.GetCapacityAfterMultipleResizes" start time: Jul 15 08:20 India Standard Time
Output:
----------------------------------------------------------
Running main() from C:\Users\naman\OneDrive\Attachments\Documents\Desktop\CodeQuotient\build\_deps\googletest-src\googletest\src\gtest_main.cc
Note: Google Test filter = DynamicArrayTest.GetCapacityAfterMultipleResizes
[==========] Running 1 test from 1 test suite.
[----------] Global test environment set-up.
[----------] 1 test from DynamicArrayTest
[ RUN      ] DynamicArrayTest.GetCapacityAfterMultipleResizes
[       OK ] DynamicArrayTest.GetCapacityAfterMultipleResizes (0 ms)
[----------] 1 test from DynamicArrayTest (0 ms total)

[----------] Global test environment tear-down
[==========] 1 test from 1 test suite ran. (0 ms total)
[  PASSED  ] 1 test.
<end of output>
Test time =   0.06 sec
----------------------------------------------------------
Test Passed.
"DynamicArrayTest.GetCapacityAfterMultipleResizes" end time: Jul 15 08:20 India Standard Time
"DynamicArrayTest.GetCapacityAfterMultipleResizes" time elapsed: 00:00:00
----------------------------------------------------------

69/72 Testing: DynamicArrayTest.AppendSingleString
69/72 Test: DynamicArrayTest.AppendSingleString
Command: "C:/Users/naman/OneDrive/Attachments/Documents/Desktop/CodeQuotient/build/DynamicArrayTests.exe" "--gtest_filter=DynamicArrayTest.AppendSingleString" "--gtest_also_run_disabled_tests"
Directory: C:/Users/naman/OneDrive/Attachments/Documents/Desktop/CodeQuotient/build
"DynamicArrayTest.AppendSingleString" start time: Jul 15 08:20 India Standard Time
Output:
----------------------------------------------------------
Running main() from C:\Users\naman\OneDrive\Attachments\Documents\Desktop\CodeQuotient\build\_deps\googletest-src\googletest\src\gtest_main.cc
Note: Google Test filter = DynamicArrayTest.AppendSingleString
[==========] Running 1 test from 1 test suite.
[----------] Global test environment set-up.
[----------] 1 test from DynamicArrayTest
[ RUN      ] DynamicArrayTest.AppendSingleString
[       OK ] DynamicArrayTest.AppendSingleString (0 ms)
[----------] 1 test from DynamicArrayTest (0 ms total)

[----------] Global test environment tear-down
[==========] 1 test from 1 test suite ran. (0 ms total)
[  PASSED  ] 1 test.
<end of output>
Test time =   0.04 sec
----------------------------------------------------------
Test Passed.
"DynamicArrayTest.AppendSingleString" end time: Jul 15 08:20 India Standard Time
"DynamicArrayTest.AppendSingleString" time elapsed: 00:00:00
----------------------------------------------------------

70/72 Testing: DynamicArrayTest.AppendMultipleStrings
70/72 Test: DynamicArrayTest.AppendMultipleStrings
Command: "C:/Users/naman/OneDrive/Attachments/Documents/Desktop/CodeQuotient/build/DynamicArrayTests.exe" "--gtest_filter=DynamicArrayTest.AppendMultipleStrings" "--gtest_also_run_disabled_tests"
Directory: C:/Users/naman/OneDrive/Attachments/Documents/Desktop/CodeQuotient/build
"DynamicArrayTest.AppendMultipleStrings" start time: Jul 15 08:20 India Standard Time
Output:
----------------------------------------------------------
Running main() from C:\Users\naman\OneDrive\Attachments\Documents\Desktop\CodeQuotient\build\_deps\googletest-src\googletest\src\gtest_main.cc
Note: Google Test filter = DynamicArrayTest.AppendMultipleStrings
[==========] Running 1 test from 1 test suite.
[----------] Global test environment set-up.
[----------] 1 test from DynamicArrayTest
[ RUN      ] DynamicArrayTest.AppendMultipleStrings
[       OK ] DynamicArrayTest.AppendMultipleStrings (0 ms)
[----------] 1 test from DynamicArrayTest (0 ms total)

[----------] Global test environment tear-down
[==========] 1 test from 1 test suite ran. (0 ms total)
[  PASSED  ] 1 test.
<end of output>
Test time =   0.05 sec
----------------------------------------------------------
Test Passed.
"DynamicArrayTest.AppendMultipleStrings" end time: Jul 15 08:20 India Standard Time
"DynamicArrayTest.AppendMultipleStrings" time elapsed: 00:00:00
----------------------------------------------------------

71/72 Testing: DynamicArrayTest.AppendDuplicateStrings
71/72 Test: DynamicArrayTest.AppendDuplicateStrings
Command: "C:/Users/naman/OneDrive/Attachments/Documents/Desktop/CodeQuotient/build/DynamicArrayTests.exe" "--gtest_filter=DynamicArrayTest.AppendDuplicateStrings" "--gtest_also_run_disabled_tests"
Directory: C:/Users/naman/OneDrive/Attachments/Documents/Desktop/CodeQuotient/build
"DynamicArrayTest.AppendDuplicateStrings" start time: Jul 15 08:20 India Standard Time
Output:
----------------------------------------------------------
Running main() from C:\Users\naman\OneDrive\Attachments\Documents\Desktop\CodeQuotient\build\_deps\googletest-src\googletest\src\gtest_main.cc
Note: Google Test filter = DynamicArrayTest.AppendDuplicateStrings
[==========] Running 1 test from 1 test suite.
[----------] Global test environment set-up.
[----------] 1 test from DynamicArrayTest
[ RUN      ] DynamicArrayTest.AppendDuplicateStrings
[       OK ] DynamicArrayTest.AppendDuplicateStrings (0 ms)
[----------] 1 test from DynamicArrayTest (0 ms total)

[----------] Global test environment tear-down
[==========] 1 test from 1 test suite ran. (0 ms total)
[  PASSED  ] 1 test.
<end of output>
Test time =   0.05 sec
----------------------------------------------------------
Test Passed.
"DynamicArrayTest.AppendDuplicateStrings" end time: Jul 15 08:20 India Standard Time
"DynamicArrayTest.AppendDuplicateStrings" time elapsed: 00:00:00
----------------------------------------------------------

72/72 Testing: DynamicArrayTest.AppendTriggersResize
72/72 Test: DynamicArrayTest.AppendTriggersResize
Command: "C:/Users/naman/OneDrive/Attachments/Documents/Desktop/CodeQuotient/build/DynamicArrayTests.exe" "--gtest_filter=DynamicArrayTest.AppendTriggersResize" "--gtest_also_run_disabled_tests"
Directory: C:/Users/naman/OneDrive/Attachments/Documents/Desktop/CodeQuotient/build
"DynamicArrayTest.AppendTriggersResize" start time: Jul 15 08:20 India Standard Time
Output:
----------------------------------------------------------
Running main() from C:\Users\naman\OneDrive\Attachments\Documents\Desktop\CodeQuotient\build\_deps\googletest-src\googletest\src\gtest_main.cc
Note: Google Test filter = DynamicArrayTest.AppendTriggersResize
[==========] Running 1 test from 1 test suite.
[----------] Global test environment set-up.
[----------] 1 test from DynamicArrayTest
[ RUN      ] DynamicArrayTest.AppendTriggersResize
[       OK ] DynamicArrayTest.AppendTriggersResize (0 ms)
[----------] 1 test from DynamicArrayTest (0 ms total)

[----------] Global test environment tear-down
[==========] 1 test from 1 test suite ran. (0 ms total)
[  PASSED  ] 1 test.
<end of output>
Test time =   0.04 sec
----------------------------------------------------------
Test Passed.
"DynamicArrayTest.AppendTriggersResize" end time: Jul 15 08:20 India Standard Time
"DynamicArrayTest.AppendTriggersResize" time elapsed: 00:00:00
----------------------------------------------------------

End testing: Jul 15 08:20 India Standard Time
