<?xml version="1.0" encoding="UTF-8"?>
<Site BuildName="(empty)"
	BuildStamp="20260715-0216-Experimental"
	Name="(empty)"
	Generator="ctest-4.4.0"
	CompilerName=""
	CompilerVersion=""
	OSName="Windows"
	Hostname="NAMAN-AGGARWALS"
	OSRelease="10.0.26200"
	OSVersion="Windows 10"
	OSPlatform="AMD64"
	Is64Bits="1"
	VendorString="GenuineIntel"
	VendorID="Intel Corporation"
	FamilyID="6"
	ModelID="13"
	ModelName=""
	ProcessorCacheSize="-1"
	NumberOfLogicalCPU="12"
	NumberOfPhysicalCPU="6"
	TotalVirtualMemory="7830"
	TotalPhysicalMemory="7830"
	LogicalProcessorsPerPhysical="2"
	ProcessorClockFrequency="2688.000000"
	>
	<Testing>
		<StartDateTime>Jul 15 07:46 India Standard Time</StartDateTime>
		<StartTestTime>1784081789</StartTestTime>
		<TestList/>
		<EndDateTime>Jul 15 07:46 India Standard Time</EndDateTime>
		<EndTestTime>1784081790</EndTestTime>
		<ElapsedMinutes>0</ElapsedMinutes>
	</Testing>
</Site>
